#
# A fatal error has been detected by the Java Runtime Environment:
#
#  EXCEPTION_ACCESS_VIOLATION (0xc0000005) at pc=0x00007fffb84e9868, pid=15256, tid=8652
#
# JRE version: Java(TM) SE Runtime Environment (17.0.7+8) (build 17.0.7+8-LTS-224)
# Java VM: Java HotSpot(TM) 64-Bit Server VM (17.0.7+8-LTS-224, mixed mode, emulated-client, sharing, tiered, compressed oops, compressed class ptrs, g1 gc, windows-amd64)
# Problematic frame:
# V  [jvm.dll+0x309868]
#
# No core dump will be written. Minidumps are not enabled by default on client versions of Windows
#
# If you would like to submit a bug report, please visit:
#   https://bugreport.java.com/bugreport/crash.jsp
#

---------------  S U M M A R Y ------------

Command Line: -XX:+HeapDumpOnOutOfMemoryError -Xmx1024m -Dsts.lsp.client=vscode -Dsts.log.file=/dev/null -XX:TieredStopAtLevel=1 -Xlog:jni+resolve=off -Dspring.config.location=file:c:\Users\82102\.vscode\extensions\vmware.vscode-spring-boot-1.47.0\language-server\BOOT-INF\classes\application.properties org.springframework.ide.vscode.boot.app.BootLanguageServerBootApp

Host: Intel(R) Core(TM) i7-7700 CPU @ 3.60GHz, 8 cores, 15G,  Windows 10 , 64 bit Build 19041 (10.0.19041.3155)
Time: Sun Jul 23 09:39:04 2023  Windows 10 , 64 bit Build 19041 (10.0.19041.3155) elapsed time: 1521.605672 seconds (0d 0h 25m 21s)

---------------  T H R E A D  ---------------

Current thread (0x000001c430f1d550):  GCTaskThread "GC Thread#5" [stack: 0x0000007826200000,0x0000007826300000] [id=8652]

Stack: [0x0000007826200000,0x0000007826300000],  sp=0x00000078262ff4d0,  free space=1021k
Native frames: (J=compiled Java code, j=interpreted, Vv=VM code, C=native code)
V  [jvm.dll+0x309868]
V  [jvm.dll+0x2f06b9]
V  [jvm.dll+0x2f3a5e]
V  [jvm.dll+0x2f48c8]
V  [jvm.dll+0x2f408d]
V  [jvm.dll+0x2f3916]
V  [jvm.dll+0x804f2b]
V  [jvm.dll+0x804f76]
V  [jvm.dll+0x78759a]
V  [jvm.dll+0x675875]
C  [ucrtbase.dll+0x21bb2]
C  [KERNEL32.DLL+0x17614]
C  [ntdll.dll+0x526b1]


siginfo: EXCEPTION_ACCESS_VIOLATION (0xc0000005), reading address 0x0000000869725437


Register to memory mapping:

RIP=0x00007fffb84e9868 jvm.dll
RAX=0x0000000000000001 is an unknown value
RBX=0x000001c43e83eff8 points into unknown readable memory: 0x000001c434d47050 | 50 70 d4 34 c4 01 00 00
RCX=0x0 is NULL
RDX=0x00000000c2883388 is pointing into object: [B 
{0x00000000c2883358} - klass: {type array byte}
 - length: 66
RSP=0x00000078262ff4d0 points into unknown readable memory: 0x000001c430f990e0 | e0 90 f9 30 c4 01 00 00
RBP=0x000001c43e83ef60 points into unknown readable memory: 0x00007fffb8ada158 | 58 a1 ad b8 ff 7f 00 00
RSI=0x000001c43e83e9b0 points into unknown readable memory: 0x00000078250ff350 | 50 f3 0f 25 78 00 00 00
RDI=0x0000000000000028 is an unknown value
R8 =0x000000086972542f is an unknown value
R9 =0x0000000000000014 is an unknown value
R10=0x0000000000000010 is an unknown value
R11=0x0000000000000001 is an unknown value
R12=0x00007fffb81e0000 jvm.dll
R13=0x0 is NULL
R14=0x000001c43e83e9b0 points into unknown readable memory: 0x00000078250ff350 | 50 f3 0f 25 78 00 00 00
R15=0x000000000000000c is an unknown value


Registers:
RAX=0x0000000000000001, RBX=0x000001c43e83eff8, RCX=0x0000000000000000, RDX=0x00000000c2883388
RSP=0x00000078262ff4d0, RBP=0x000001c43e83ef60, RSI=0x000001c43e83e9b0, RDI=0x0000000000000028
R8 =0x000000086972542f, R9 =0x0000000000000014, R10=0x0000000000000010, R11=0x0000000000000001
R12=0x00007fffb81e0000, R13=0x0000000000000000, R14=0x000001c43e83e9b0, R15=0x000000000000000c
RIP=0x00007fffb84e9868, EFLAGS=0x0000000000010202

Top of Stack: (sp=0x00000078262ff4d0)
0x00000078262ff4d0:   000001c430f990e0 000001c430f99418
0x00000078262ff4e0:   00000000c197c9a8 00007fffb84d06b9
0x00000078262ff4f0:   00000000c2883388 00007fffb84d06b9
0x00000078262ff500:   00000000c2883390 00007fffb84cf40e
0x00000078262ff510:   000001c43e83ef60 000000000000000c
0x00000078262ff520:   00000000c2883388 6c706d692f756369
0x00000078262ff530:   00000000c2882e1c 00007fffb84d3a5e
0x00000078262ff540:   000001c43e83e9b0 00000000c2883388
0x00000078262ff550:   00000000c2882dbc 000000000000000c
0x00000078262ff560:   0000000000000000 00000000c2882d48
0x00000078262ff570:   000001c43e83e9b0 00007fffb84d48c8
0x00000078262ff580:   0000000000000031 0000000000000000
0x00000078262ff590:   00007fffb81e0000 00007fffb893b717
0x00000078262ff5a0:   00000000c2882d48 00007fff00000000
0x00000078262ff5b0:   0000000000000000 0000000000000000
0x00000078262ff5c0:   000001c430f99418 0000000000000010 

Instructions: (pc=0x00007fffb84e9868)
0x00007fffb84e9768:   cc cc cc cc cc cc cc cc 48 89 5c 24 08 57 48 83
0x00007fffb84e9778:   ec 30 33 c0 48 89 11 41 8d 50 ff 48 89 41 08 48
0x00007fffb84e9788:   89 51 28 48 8b d9 44 89 41 10 41 8b f8 48 89 41
0x00007fffb84e9798:   18 48 89 41 20 41 8b c8 e8 3b 12 d0 ff 84 c0 75
0x00007fffb84e97a8:   28 4c 8d 0d 20 41 5f 00 89 7c 24 20 4c 8d 05 4d
0x00007fffb84e97b8:   41 5f 00 ba 28 00 00 00 48 8d 0d 79 41 5f 00 e8
0x00007fffb84e97c8:   e4 b9 f3 ff e8 8f cd 36 00 8b 4b 10 45 33 c0 48
0x00007fffb84e97d8:   c1 e1 04 41 8d 50 05 e8 1c b8 d9 ff 48 89 43 08
0x00007fffb84e97e8:   48 8b c3 48 8b 5c 24 40 48 83 c4 30 5f c3 cc cc
0x00007fffb84e97f8:   cc cc cc cc cc cc cc cc 48 8b 49 08 e9 77 b7 d9
0x00007fffb84e9808:   ff cc cc cc cc cc cc cc 48 89 5c 24 08 57 48 83
0x00007fffb84e9818:   ec 20 48 8b 05 47 2e 83 00 48 8b d9 48 8b fa 8b
0x00007fffb84e9828:   88 c0 01 00 00 4c 8b 80 b8 01 00 00 0f b6 05 b8
0x00007fffb84e9838:   c4 7f 00 49 d3 e0 8b 0d 7c ce 7f 00 49 2b f8 48
0x00007fffb84e9848:   d3 ef 84 c0 74 16 44 8b 42 08 8b 0d 70 4a 79 00
0x00007fffb84e9858:   49 d3 e0 4c 03 05 5e 4a 79 00 eb 04 4c 8b 42 08
0x00007fffb84e9868:   45 8b 48 08 45 85 c9 7e 0c 41 f6 c1 01 75 55 41
0x00007fffb84e9878:   c1 f9 03 eb 5e 79 4d 84 c0 41 b8 0c 00 00 00 8b
0x00007fffb84e9888:   05 57 59 79 00 b9 10 00 00 00 41 0f 45 c8 ff c8
0x00007fffb84e9898:   4c 63 c0 41 8b c1 48 c1 f8 10 48 63 14 11 41 8b
0x00007fffb84e98a8:   c9 83 e1 3f 48 d3 e2 0f b6 c8 49 8d 04 10 49 f7
0x00007fffb84e98b8:   d0 48 03 c8 4d 8b c8 49 c1 e9 03 48 c1 e9 03 44
0x00007fffb84e98c8:   23 c9 eb 0f 49 8b 00 49 8b c8 ff 90 00 01 00 00
0x00007fffb84e98d8:   44 8b c8 8b 53 28 8b c7 48 23 d0 48 c1 e2 04 48
0x00007fffb84e98e8:   03 53 08 8b 02 3b c7 74 34 4c 8b 42 08 4d 85 c0
0x00007fffb84e98f8:   74 0b 8b c8 48 8b 03 f0 4c 0f c1 04 c8 48 c7 42
0x00007fffb84e9908:   08 00 00 00 00 89 3a 48 ff 43 20 49 63 c1 48 01
0x00007fffb84e9918:   42 08 48 8b 5c 24 30 48 83 c4 20 5f c3 48 ff 43
0x00007fffb84e9928:   18 48 8b 5c 24 30 49 63 c1 48 01 42 08 48 83 c4
0x00007fffb84e9938:   20 5f c3 cc cc cc cc cc 48 89 5c 24 08 33 db 4c
0x00007fffb84e9948:   8b da 4c 8b c9 44 8b c3 39 59 10 76 39 66 66 66
0x00007fffb84e9958:   0f 1f 84 00 00 00 00 00 41 8b c0 48 c1 e0 04 49 


Stack slot to memory mapping:
stack at sp + 0 slots: 0x000001c430f990e0 points into unknown readable memory: 0x000001c43100425b | 5b 42 00 31 c4 01 00 00
stack at sp + 1 slots: 0x000001c430f99418 points into unknown readable memory: 0x8800090092150ab2 | b2 0a 15 92 00 09 00 88
stack at sp + 2 slots: 0x00000000c197c9a8 is an oop: [B 
{0x00000000c197c9a8} - klass: {type array byte}
 - length: 40
stack at sp + 3 slots: 0x00007fffb84d06b9 jvm.dll
stack at sp + 4 slots: 0x00000000c2883388 is pointing into object: [B 
{0x00000000c2883358} - klass: {type array byte}
 - length: 66
stack at sp + 5 slots: 0x00007fffb84d06b9 jvm.dll
stack at sp + 6 slots: 0x00000000c2883390 is pointing into object: [B 
{0x00000000c2883358} - klass: {type array byte}
 - length: 66
stack at sp + 7 slots: 0x00007fffb84cf40e jvm.dll


---------------  P R O C E S S  ---------------

Threads class SMR info:
_java_thread_list=0x000001c434bce890, length=25, elements={
0x000001c42f981fe0, 0x000001c42f982e50, 0x000001c42f9a1bd0, 0x000001c42f9a2950,
0x000001c42f9a6320, 0x000001c42f9a6cd0, 0x000001c42f9a7730, 0x000001c42f9a8120,
0x000001c430589020, 0x000001c430595950, 0x000001c43185f460, 0x000001c431737030,
0x000001c431737500, 0x000001c4318b7050, 0x000001c41ff77ba0, 0x000001c4318ded80,
0x000001c43193e8b0, 0x000001c431521b10, 0x000001c431521640, 0x000001c431bcd020,
0x000001c431bca000, 0x000001c43043fbb0, 0x000001c430440550, 0x000001c430442bd0,
0x000001c4304413c0
}

Java Threads: ( => current thread )
  0x000001c42f981fe0 JavaThread "Reference Handler" daemon [_thread_blocked, id=3928, stack(0x0000007825100000,0x0000007825200000)]
  0x000001c42f982e50 JavaThread "Finalizer" daemon [_thread_blocked, id=13308, stack(0x0000007825200000,0x0000007825300000)]
  0x000001c42f9a1bd0 JavaThread "Signal Dispatcher" daemon [_thread_blocked, id=13052, stack(0x0000007825300000,0x0000007825400000)]
  0x000001c42f9a2950 JavaThread "Attach Listener" daemon [_thread_blocked, id=7940, stack(0x0000007825400000,0x0000007825500000)]
  0x000001c42f9a6320 JavaThread "Service Thread" daemon [_thread_blocked, id=5736, stack(0x0000007825500000,0x0000007825600000)]
  0x000001c42f9a6cd0 JavaThread "Monitor Deflation Thread" daemon [_thread_blocked, id=11532, stack(0x0000007825600000,0x0000007825700000)]
  0x000001c42f9a7730 JavaThread "C1 CompilerThread0" daemon [_thread_blocked, id=14548, stack(0x0000007825700000,0x0000007825800000)]
  0x000001c42f9a8120 JavaThread "Sweeper thread" daemon [_thread_blocked, id=2412, stack(0x0000007825800000,0x0000007825900000)]
  0x000001c430589020 JavaThread "Notification Thread" daemon [_thread_blocked, id=14144, stack(0x0000007825a00000,0x0000007825b00000)]
  0x000001c430595950 JavaThread "Common-Cleaner" daemon [_thread_blocked, id=4708, stack(0x0000007825c00000,0x0000007825d00000)]
  0x000001c43185f460 JavaThread "boundedElastic-evictor-1" daemon [_thread_blocked, id=2372, stack(0x0000007826800000,0x0000007826900000)]
  0x000001c431737030 JavaThread "boundedElastic-evictor-2" daemon [_thread_blocked, id=13824, stack(0x0000007826900000,0x0000007826a00000)]
  0x000001c431737500 JavaThread "pool-10-thread-1" [_thread_blocked, id=15056, stack(0x0000007826a00000,0x0000007826b00000)]
  0x000001c4318b7050 JavaThread "LanguageServerApp-lifecycle" [_thread_blocked, id=13476, stack(0x0000007826b00000,0x0000007826c00000)]
  0x000001c41ff77ba0 JavaThread "DestroyJavaVM" [_thread_blocked, id=14880, stack(0x0000007824900000,0x0000007824a00000)]
  0x000001c4318ded80 JavaThread "pool-11-thread-1" [_thread_in_native, id=12792, stack(0x0000007826c00000,0x0000007826d00000)]
  0x000001c43193e8b0 JavaThread "Simple-Language-Server main thread" daemon [_thread_blocked, id=12368, stack(0x0000007826d00000,0x0000007826e00000)]
  0x000001c431521b10 JavaThread "pool-6-thread-1" [_thread_blocked, id=14132, stack(0x0000007827200000,0x0000007827300000)]
  0x000001c431521640 JavaThread "parallel-1" daemon [_thread_blocked, id=15548, stack(0x0000007827500000,0x0000007827600000)]
  0x000001c431bcd020 JavaThread "pool-4-thread-1" [_thread_blocked, id=660, stack(0x0000007828500000,0x0000007828600000)]
  0x000001c431bca000 JavaThread "parallel-2" daemon [_thread_blocked, id=8692, stack(0x0000007828600000,0x0000007828700000)]
  0x000001c43043fbb0 JavaThread "parallel-3" daemon [_thread_blocked, id=16968, stack(0x0000007827400000,0x0000007827500000)]
  0x000001c430440550 JavaThread "parallel-4" daemon [_thread_blocked, id=16972, stack(0x0000007827600000,0x0000007827700000)]
  0x000001c430442bd0 JavaThread "parallel-5" daemon [_thread_blocked, id=16828, stack(0x0000007827700000,0x0000007827800000)]
  0x000001c4304413c0 JavaThread "Reconciler-1" daemon [_thread_blocked, id=16888, stack(0x0000007827800000,0x0000007827900000)]

Other Threads:
  0x000001c42f97a370 VMThread "VM Thread" [stack: 0x0000007825000000,0x0000007825100000] [id=1500]
  0x000001c430591500 WatcherThread [stack: 0x0000007825b00000,0x0000007825c00000] [id=11516]
  0x000001c41ffb59c0 GCTaskThread "GC Thread#0" [stack: 0x0000007824b00000,0x0000007824c00000] [id=12376]
  0x000001c430f2ff30 GCTaskThread "GC Thread#1" [stack: 0x0000007825e00000,0x0000007825f00000] [id=1936]
  0x000001c430f6b3d0 GCTaskThread "GC Thread#2" [stack: 0x0000007825f00000,0x0000007826000000] [id=15920]
  0x000001c430f6b680 GCTaskThread "GC Thread#3" [stack: 0x0000007826000000,0x0000007826100000] [id=5240]
  0x000001c430f1d2a0 GCTaskThread "GC Thread#4" [stack: 0x0000007826100000,0x0000007826200000] [id=15916]
=>0x000001c430f1d550 GCTaskThread "GC Thread#5" [stack: 0x0000007826200000,0x0000007826300000] [id=8652]
  0x000001c430ff4850 GCTaskThread "GC Thread#6" [stack: 0x0000007826300000,0x0000007826400000] [id=8136]
  0x000001c4311db320 GCTaskThread "GC Thread#7" [stack: 0x0000007826400000,0x0000007826500000] [id=10792]
  0x000001c41ffbe910 ConcurrentGCThread "G1 Main Marker" [stack: 0x0000007824c00000,0x0000007824d00000] [id=4120]
  0x000001c41ffbf320 ConcurrentGCThread "G1 Conc#0" [stack: 0x0000007824d00000,0x0000007824e00000] [id=5716]
  0x000001c430d136b0 ConcurrentGCThread "G1 Conc#1" [stack: 0x0000007826500000,0x0000007826600000] [id=16088]
  0x000001c42004ebe0 ConcurrentGCThread "G1 Refine#0" [stack: 0x0000007824e00000,0x0000007824f00000] [id=15288]
  0x000001c43480e5e0 ConcurrentGCThread "G1 Refine#1" [stack: 0x0000007828e00000,0x0000007828f00000] [id=16540]
  0x000001c434457b80 ConcurrentGCThread "G1 Refine#2" [stack: 0x0000007828100000,0x0000007828200000] [id=17176]
  0x000001c43448a0f0 ConcurrentGCThread "G1 Refine#3" [stack: 0x0000007828200000,0x0000007828300000] [id=17180]
  0x000001c43448a3d0 ConcurrentGCThread "G1 Refine#4" [stack: 0x0000007829000000,0x0000007829100000] [id=17184]
  0x000001c434ace940 ConcurrentGCThread "G1 Refine#5" [stack: 0x0000007828f00000,0x0000007829000000] [id=16480]
  0x000001c42f83eb70 ConcurrentGCThread "G1 Service" [stack: 0x0000007824f00000,0x0000007825000000] [id=16380]

Threads with active compile tasks:

VM state: at safepoint (normal execution)

VM Mutex/Monitor currently owned by a thread:  ([mutex/lock_event])
[0x000001c41deb5370] Threads_lock - owner thread: 0x000001c42f97a370
[0x000001c41ff74a80] Heap_lock - owner thread: 0x000001c431737500

Heap address: 0x00000000c0000000, size: 1024 MB, Compressed Oops mode: 32-bit

CDS archive(s) mapped at: [0x0000000800000000-0x0000000800bd0000-0x0000000800bd0000), size 12386304, SharedBaseAddress: 0x0000000800000000, ArchiveRelocationMode: 0.
Compressed class space mapped at: 0x0000000800c00000-0x0000000840c00000, reserved size: 1073741824
Narrow klass base: 0x0000000800000000, Narrow klass shift: 0, Narrow klass range: 0x100000000

GC Precious Log:
 CPUs: 8 total, 8 available
 Memory: 16336M
 Large Page Support: Disabled
 NUMA Support: Disabled
 Compressed Oops: Enabled (32-bit)
 Heap Region Size: 1M
 Heap Min Capacity: 8M
 Heap Initial Capacity: 256M
 Heap Max Capacity: 1G
 Pre-touch: Disabled
 Parallel Workers: 8
 Concurrent Workers: 2
 Concurrent Refinement Workers: 8
 Periodic GC: Disabled

Heap:
 garbage-first heap   total 270336K, used 79659K [0x00000000c0000000, 0x0000000100000000)
  region size 1024K, 1 young (1024K), 0 survivors (0K)
 Metaspace       used 67586K, committed 68352K, reserved 1114112K
  class space    used 9251K, committed 9536K, reserved 1048576K

Heap Regions: E=young(eden), S=young(survivor), O=old, HS=humongous(starts), HC=humongous(continues), CS=collection set, F=free, OA=open archive, CA=closed archive, TAMS=top-at-mark-start (previous, next)
|   0|0x00000000c0000000, 0x00000000c0100000, 0x00000000c0100000|100%|HS|  |TAMS 0x00000000c0100000, 0x00000000c0000000| Untracked 
|   1|0x00000000c0100000, 0x00000000c01fff90, 0x00000000c0200000| 99%| O|  |TAMS 0x00000000c01fff90, 0x00000000c0100000| Untracked 
|   2|0x00000000c0200000, 0x00000000c0300000, 0x00000000c0300000|100%| O|  |TAMS 0x00000000c0300000, 0x00000000c0200000| Untracked 
|   3|0x00000000c0300000, 0x00000000c03fffe0, 0x00000000c0400000| 99%| O|  |TAMS 0x00000000c03fffe0, 0x00000000c0300000| Untracked 
|   4|0x00000000c0400000, 0x00000000c0500000, 0x00000000c0500000|100%| O|  |TAMS 0x00000000c0500000, 0x00000000c0400000| Untracked 
|   5|0x00000000c0500000, 0x00000000c05ffff8, 0x00000000c0600000| 99%| O|  |TAMS 0x00000000c05ffff8, 0x00000000c0500000| Untracked 
|   6|0x00000000c0600000, 0x00000000c06ffff8, 0x00000000c0700000| 99%| O|  |TAMS 0x00000000c06ffff8, 0x00000000c0600000| Untracked 
|   7|0x00000000c0700000, 0x00000000c07fffd0, 0x00000000c0800000| 99%| O|  |TAMS 0x00000000c07fffd0, 0x00000000c0700000| Untracked 
|   8|0x00000000c0800000, 0x00000000c08ffff8, 0x00000000c0900000| 99%| O|  |TAMS 0x00000000c08ffff8, 0x00000000c0800000| Untracked 
|   9|0x00000000c0900000, 0x00000000c0a00000, 0x00000000c0a00000|100%| O|  |TAMS 0x00000000c0a00000, 0x00000000c0900000| Untracked 
|  10|0x00000000c0a00000, 0x00000000c0af7ca0, 0x00000000c0b00000| 96%| O|  |TAMS 0x00000000c0af7ca0, 0x00000000c0a00000| Untracked 
|  11|0x00000000c0b00000, 0x00000000c0bfffc8, 0x00000000c0c00000| 99%| O|  |TAMS 0x00000000c0bfffc8, 0x00000000c0b00000| Untracked 
|  12|0x00000000c0c00000, 0x00000000c0cfffc0, 0x00000000c0d00000| 99%| O|  |TAMS 0x00000000c0cfffc0, 0x00000000c0c00000| Untracked 
|  13|0x00000000c0d00000, 0x00000000c0dffff8, 0x00000000c0e00000| 99%| O|  |TAMS 0x00000000c0dffff8, 0x00000000c0d00000| Untracked 
|  14|0x00000000c0e00000, 0x00000000c0f00000, 0x00000000c0f00000|100%| O|  |TAMS 0x00000000c0f00000, 0x00000000c0e00000| Untracked 
|  15|0x00000000c0f00000, 0x00000000c0fffff0, 0x00000000c1000000| 99%| O|  |TAMS 0x00000000c0fffff0, 0x00000000c0f00000| Untracked 
|  16|0x00000000c1000000, 0x00000000c1100000, 0x00000000c1100000|100%| O|  |TAMS 0x00000000c1100000, 0x00000000c1000000| Untracked 
|  17|0x00000000c1100000, 0x00000000c11fffe0, 0x00000000c1200000| 99%| O|  |TAMS 0x00000000c11fffe0, 0x00000000c1100000| Untracked 
|  18|0x00000000c1200000, 0x00000000c1300000, 0x00000000c1300000|100%| O|  |TAMS 0x00000000c1300000, 0x00000000c1200000| Untracked 
|  19|0x00000000c1300000, 0x00000000c13fffc0, 0x00000000c1400000| 99%| O|  |TAMS 0x00000000c13fffc0, 0x00000000c1300000| Untracked 
|  20|0x00000000c1400000, 0x00000000c1500000, 0x00000000c1500000|100%| O|  |TAMS 0x00000000c1500000, 0x00000000c1400000| Untracked 
|  21|0x00000000c1500000, 0x00000000c15fe438, 0x00000000c1600000| 99%| O|  |TAMS 0x00000000c15fe438, 0x00000000c1500000| Untracked 
|  22|0x00000000c1600000, 0x00000000c1700000, 0x00000000c1700000|100%| O|  |TAMS 0x00000000c1700000, 0x00000000c1600000| Untracked 
|  23|0x00000000c1700000, 0x00000000c17f7458, 0x00000000c1800000| 96%| O|  |TAMS 0x00000000c17f7458, 0x00000000c1700000| Untracked 
|  24|0x00000000c1800000, 0x00000000c18fffb8, 0x00000000c1900000| 99%| O|  |TAMS 0x00000000c18fffb8, 0x00000000c1800000| Untracked 
|  25|0x00000000c1900000, 0x00000000c19fffe8, 0x00000000c1a00000| 99%| O|  |TAMS 0x00000000c19fffe8, 0x00000000c1900000| Untracked 
|  26|0x00000000c1a00000, 0x00000000c1afffe0, 0x00000000c1b00000| 99%| O|  |TAMS 0x00000000c1afffe0, 0x00000000c1a00000| Untracked 
|  27|0x00000000c1b00000, 0x00000000c1c00000, 0x00000000c1c00000|100%| O|  |TAMS 0x00000000c1c00000, 0x00000000c1b00000| Untracked 
|  28|0x00000000c1c00000, 0x00000000c1d00000, 0x00000000c1d00000|100%| O|  |TAMS 0x00000000c1d00000, 0x00000000c1c00000| Untracked 
|  29|0x00000000c1d00000, 0x00000000c1dff8d8, 0x00000000c1e00000| 99%| O|  |TAMS 0x00000000c1dff8d8, 0x00000000c1d00000| Untracked 
|  30|0x00000000c1e00000, 0x00000000c1efed40, 0x00000000c1f00000| 99%| O|  |TAMS 0x00000000c1efed40, 0x00000000c1e00000| Untracked 
|  31|0x00000000c1f00000, 0x00000000c1ffda70, 0x00000000c2000000| 99%| O|  |TAMS 0x00000000c1ffda70, 0x00000000c1f00000| Untracked 
|  32|0x00000000c2000000, 0x00000000c2100000, 0x00000000c2100000|100%| O|  |TAMS 0x00000000c2100000, 0x00000000c2000000| Untracked 
|  33|0x00000000c2100000, 0x00000000c21fffd8, 0x00000000c2200000| 99%| O|  |TAMS 0x00000000c21fffd8, 0x00000000c2100000| Untracked 
|  34|0x00000000c2200000, 0x00000000c22fffe8, 0x00000000c2300000| 99%| O|  |TAMS 0x00000000c22fffe8, 0x00000000c2200000| Untracked 
|  35|0x00000000c2300000, 0x00000000c23ffff0, 0x00000000c2400000| 99%| O|  |TAMS 0x00000000c23ffff0, 0x00000000c2300000| Untracked 
|  36|0x00000000c2400000, 0x00000000c24ffff0, 0x00000000c2500000| 99%| O|  |TAMS 0x00000000c24ffff0, 0x00000000c2400000| Untracked 
|  37|0x00000000c2500000, 0x00000000c25fffe8, 0x00000000c2600000| 99%| O|  |TAMS 0x00000000c25fffe8, 0x00000000c2500000| Untracked 
|  38|0x00000000c2600000, 0x00000000c26fffc8, 0x00000000c2700000| 99%| O|  |TAMS 0x00000000c26fffc8, 0x00000000c2600000| Untracked 
|  39|0x00000000c2700000, 0x00000000c27ffff8, 0x00000000c2800000| 99%| O|  |TAMS 0x00000000c27ffff8, 0x00000000c2700000| Untracked 
|  40|0x00000000c2800000, 0x00000000c28ffff0, 0x00000000c2900000| 99%| O|  |TAMS 0x00000000c28ffff0, 0x00000000c2800000| Untracked 
|  41|0x00000000c2900000, 0x00000000c29fffc8, 0x00000000c2a00000| 99%| O|  |TAMS 0x00000000c29fffc8, 0x00000000c2900000| Untracked 
|  42|0x00000000c2a00000, 0x00000000c2affff8, 0x00000000c2b00000| 99%| O|  |TAMS 0x00000000c2affff8, 0x00000000c2a00000| Untracked 
|  43|0x00000000c2b00000, 0x00000000c2bffff0, 0x00000000c2c00000| 99%| O|  |TAMS 0x00000000c2bffff0, 0x00000000c2b00000| Untracked 
|  44|0x00000000c2c00000, 0x00000000c2cffff0, 0x00000000c2d00000| 99%| O|  |TAMS 0x00000000c2cffff0, 0x00000000c2c00000| Untracked 
|  45|0x00000000c2d00000, 0x00000000c2e00000, 0x00000000c2e00000|100%| O|  |TAMS 0x00000000c2e00000, 0x00000000c2d00000| Untracked 
|  46|0x00000000c2e00000, 0x00000000c2efff98, 0x00000000c2f00000| 99%| O|  |TAMS 0x00000000c2efff98, 0x00000000c2e00000| Untracked 
|  47|0x00000000c2f00000, 0x00000000c2ffffe8, 0x00000000c3000000| 99%| O|  |TAMS 0x00000000c2ffffe8, 0x00000000c2f00000| Untracked 
|  48|0x00000000c3000000, 0x00000000c3100000, 0x00000000c3100000|100%| O|  |TAMS 0x00000000c3100000, 0x00000000c3000000| Untracked 
|  49|0x00000000c3100000, 0x00000000c31f98a8, 0x00000000c3200000| 97%| O|  |TAMS 0x00000000c31f98a8, 0x00000000c3100000| Untracked 
|  50|0x00000000c3200000, 0x00000000c32ffff0, 0x00000000c3300000| 99%| O|  |TAMS 0x00000000c32ffff0, 0x00000000c3200000| Untracked 
|  51|0x00000000c3300000, 0x00000000c3400000, 0x00000000c3400000|100%| O|  |TAMS 0x00000000c3400000, 0x00000000c3300000| Untracked 
|  52|0x00000000c3400000, 0x00000000c34ffff0, 0x00000000c3500000| 99%| O|  |TAMS 0x00000000c34ffff0, 0x00000000c3400000| Untracked 
|  53|0x00000000c3500000, 0x00000000c35fe610, 0x00000000c3600000| 99%| O|  |TAMS 0x00000000c35fe610, 0x00000000c3500000| Untracked 
|  54|0x00000000c3600000, 0x00000000c36fffd8, 0x00000000c3700000| 99%| O|  |TAMS 0x00000000c36fffd8, 0x00000000c3600000| Untracked 
|  55|0x00000000c3700000, 0x00000000c37ff228, 0x00000000c3800000| 99%| O|  |TAMS 0x00000000c37ff228, 0x00000000c3700000| Untracked 
|  56|0x00000000c3800000, 0x00000000c38fffe0, 0x00000000c3900000| 99%| O|  |TAMS 0x00000000c38fffe0, 0x00000000c3800000| Untracked 
|  57|0x00000000c3900000, 0x00000000c39fffe0, 0x00000000c3a00000| 99%| O|  |TAMS 0x00000000c39fffe0, 0x00000000c3900000| Untracked 
|  58|0x00000000c3a00000, 0x00000000c3afffd8, 0x00000000c3b00000| 99%| O|  |TAMS 0x00000000c3afffd8, 0x00000000c3a00000| Untracked 
|  59|0x00000000c3b00000, 0x00000000c3bffff0, 0x00000000c3c00000| 99%| O|  |TAMS 0x00000000c3bffff0, 0x00000000c3b00000| Untracked 
|  60|0x00000000c3c00000, 0x00000000c3cfffe0, 0x00000000c3d00000| 99%| O|  |TAMS 0x00000000c3cfffe0, 0x00000000c3c00000| Untracked 
|  61|0x00000000c3d00000, 0x00000000c3e00000, 0x00000000c3e00000|100%| O|  |TAMS 0x00000000c3e00000, 0x00000000c3d00000| Untracked 
|  62|0x00000000c3e00000, 0x00000000c3e2bde0, 0x00000000c3f00000| 17%| O|  |TAMS 0x00000000c3e00000, 0x00000000c3e00000| Untracked 
|  63|0x00000000c3f00000, 0x00000000c3fffff0, 0x00000000c4000000| 99%| O|  |TAMS 0x00000000c3fffff0, 0x00000000c3f00000| Untracked 
|  64|0x00000000c4000000, 0x00000000c407ec08, 0x00000000c4100000| 49%| O|  |TAMS 0x00000000c4000000, 0x00000000c4000000| Untracked 
|  65|0x00000000c4100000, 0x00000000c41fffe0, 0x00000000c4200000| 99%| O|  |TAMS 0x00000000c41fffe0, 0x00000000c4100000| Untracked 
|  66|0x00000000c4200000, 0x00000000c42ffff0, 0x00000000c4300000| 99%| O|  |TAMS 0x00000000c42ffff0, 0x00000000c4200000| Untracked 
|  67|0x00000000c4300000, 0x00000000c43001a8, 0x00000000c4400000|  0%| O|  |TAMS 0x00000000c4300000, 0x00000000c4300000| Untracked 
|  68|0x00000000c4400000, 0x00000000c4400000, 0x00000000c4500000|  0%| F|  |TAMS 0x00000000c4400000, 0x00000000c4400000| Untracked 
|  69|0x00000000c4500000, 0x00000000c4500000, 0x00000000c4600000|  0%| F|  |TAMS 0x00000000c4500000, 0x00000000c4500000| Untracked 
|  70|0x00000000c4600000, 0x00000000c4600000, 0x00000000c4700000|  0%| F|  |TAMS 0x00000000c4600000, 0x00000000c4600000| Untracked 
|  71|0x00000000c4700000, 0x00000000c4702270, 0x00000000c4800000|  0%| O|  |TAMS 0x00000000c4700000, 0x00000000c4700000| Untracked 
|  72|0x00000000c4800000, 0x00000000c4800000, 0x00000000c4900000|  0%| F|  |TAMS 0x00000000c4800000, 0x00000000c4800000| Untracked 
|  73|0x00000000c4900000, 0x00000000c4900000, 0x00000000c4a00000|  0%| F|  |TAMS 0x00000000c4900000, 0x00000000c4900000| Untracked 
|  74|0x00000000c4a00000, 0x00000000c4a00000, 0x00000000c4b00000|  0%| F|  |TAMS 0x00000000c4a00000, 0x00000000c4a00000| Untracked 
|  75|0x00000000c4b00000, 0x00000000c4b00000, 0x00000000c4c00000|  0%| F|  |TAMS 0x00000000c4b00000, 0x00000000c4b00000| Untracked 
|  76|0x00000000c4c00000, 0x00000000c4c00000, 0x00000000c4d00000|  0%| F|  |TAMS 0x00000000c4c00000, 0x00000000c4c00000| Untracked 
|  77|0x00000000c4d00000, 0x00000000c4d00000, 0x00000000c4e00000|  0%| F|  |TAMS 0x00000000c4d00000, 0x00000000c4d00000| Untracked 
|  78|0x00000000c4e00000, 0x00000000c4e00000, 0x00000000c4f00000|  0%| F|  |TAMS 0x00000000c4e00000, 0x00000000c4e00000| Untracked 
|  79|0x00000000c4f00000, 0x00000000c4f00000, 0x00000000c5000000|  0%| F|  |TAMS 0x00000000c4f00000, 0x00000000c4f00000| Untracked 
|  80|0x00000000c5000000, 0x00000000c5000000, 0x00000000c5100000|  0%| F|  |TAMS 0x00000000c5000000, 0x00000000c5000000| Untracked 
|  81|0x00000000c5100000, 0x00000000c5100000, 0x00000000c5200000|  0%| F|  |TAMS 0x00000000c5100000, 0x00000000c5100000| Untracked 
|  82|0x00000000c5200000, 0x00000000c5200000, 0x00000000c5300000|  0%| F|  |TAMS 0x00000000c5200000, 0x00000000c5200000| Untracked 
|  83|0x00000000c5300000, 0x00000000c5300000, 0x00000000c5400000|  0%| F|  |TAMS 0x00000000c5300000, 0x00000000c5300000| Untracked 
|  84|0x00000000c5400000, 0x00000000c54ffff0, 0x00000000c5500000| 99%| O|  |TAMS 0x00000000c54ffff0, 0x00000000c5400000| Untracked 
|  85|0x00000000c5500000, 0x00000000c5500000, 0x00000000c5600000|  0%| F|  |TAMS 0x00000000c5500000, 0x00000000c5500000| Untracked 
|  86|0x00000000c5600000, 0x00000000c5600000, 0x00000000c5700000|  0%| F|  |TAMS 0x00000000c5600000, 0x00000000c5600000| Untracked 
|  87|0x00000000c5700000, 0x00000000c5700000, 0x00000000c5800000|  0%| F|  |TAMS 0x00000000c5700000, 0x00000000c5700000| Untracked 
|  88|0x00000000c5800000, 0x00000000c5800000, 0x00000000c5900000|  0%| F|  |TAMS 0x00000000c5800000, 0x00000000c5800000| Untracked 
|  89|0x00000000c5900000, 0x00000000c5900000, 0x00000000c5a00000|  0%| F|  |TAMS 0x00000000c5900000, 0x00000000c5900000| Untracked 
|  90|0x00000000c5a00000, 0x00000000c5a00000, 0x00000000c5b00000|  0%| F|  |TAMS 0x00000000c5a00000, 0x00000000c5a00000| Untracked 
|  91|0x00000000c5b00000, 0x00000000c5b00000, 0x00000000c5c00000|  0%| F|  |TAMS 0x00000000c5b00000, 0x00000000c5b00000| Untracked 
|  92|0x00000000c5c00000, 0x00000000c5c00000, 0x00000000c5d00000|  0%| F|  |TAMS 0x00000000c5c00000, 0x00000000c5c00000| Untracked 
|  93|0x00000000c5d00000, 0x00000000c5d00000, 0x00000000c5e00000|  0%| F|  |TAMS 0x00000000c5d00000, 0x00000000c5d00000| Untracked 
|  94|0x00000000c5e00000, 0x00000000c5e00000, 0x00000000c5f00000|  0%| F|  |TAMS 0x00000000c5e00000, 0x00000000c5e00000| Untracked 
|  95|0x00000000c5f00000, 0x00000000c5f00000, 0x00000000c6000000|  0%| F|  |TAMS 0x00000000c5f00000, 0x00000000c5f00000| Untracked 
|  96|0x00000000c6000000, 0x00000000c6000000, 0x00000000c6100000|  0%| F|  |TAMS 0x00000000c6000000, 0x00000000c6000000| Untracked 
|  97|0x00000000c6100000, 0x00000000c6100000, 0x00000000c6200000|  0%| F|  |TAMS 0x00000000c6100000, 0x00000000c6100000| Untracked 
|  98|0x00000000c6200000, 0x00000000c6200000, 0x00000000c6300000|  0%| F|  |TAMS 0x00000000c6200000, 0x00000000c6200000| Untracked 
|  99|0x00000000c6300000, 0x00000000c6300000, 0x00000000c6400000|  0%| F|  |TAMS 0x00000000c6300000, 0x00000000c6300000| Untracked 
| 100|0x00000000c6400000, 0x00000000c6400000, 0x00000000c6500000|  0%| F|  |TAMS 0x00000000c6400000, 0x00000000c6400000| Untracked 
| 101|0x00000000c6500000, 0x00000000c6500000, 0x00000000c6600000|  0%| F|  |TAMS 0x00000000c6500000, 0x00000000c6500000| Untracked 
| 102|0x00000000c6600000, 0x00000000c6600000, 0x00000000c6700000|  0%| F|  |TAMS 0x00000000c6600000, 0x00000000c6600000| Untracked 
| 103|0x00000000c6700000, 0x00000000c6700000, 0x00000000c6800000|  0%| F|  |TAMS 0x00000000c6700000, 0x00000000c6700000| Untracked 
| 104|0x00000000c6800000, 0x00000000c6800000, 0x00000000c6900000|  0%| F|  |TAMS 0x00000000c6800000, 0x00000000c6800000| Untracked 
| 105|0x00000000c6900000, 0x00000000c6900000, 0x00000000c6a00000|  0%| F|  |TAMS 0x00000000c6900000, 0x00000000c6900000| Untracked 
| 106|0x00000000c6a00000, 0x00000000c6a00000, 0x00000000c6b00000|  0%| F|  |TAMS 0x00000000c6a00000, 0x00000000c6a00000| Untracked 
| 107|0x00000000c6b00000, 0x00000000c6b00000, 0x00000000c6c00000|  0%| F|  |TAMS 0x00000000c6b00000, 0x00000000c6b00000| Untracked 
| 108|0x00000000c6c00000, 0x00000000c6c00000, 0x00000000c6d00000|  0%| F|  |TAMS 0x00000000c6c00000, 0x00000000c6c00000| Untracked 
| 109|0x00000000c6d00000, 0x00000000c6d00000, 0x00000000c6e00000|  0%| F|  |TAMS 0x00000000c6d00000, 0x00000000c6d00000| Untracked 
| 110|0x00000000c6e00000, 0x00000000c6e00000, 0x00000000c6f00000|  0%| F|  |TAMS 0x00000000c6e00000, 0x00000000c6e00000| Untracked 
| 111|0x00000000c6f00000, 0x00000000c6f00000, 0x00000000c7000000|  0%| F|  |TAMS 0x00000000c6f00000, 0x00000000c6f00000| Untracked 
| 112|0x00000000c7000000, 0x00000000c7000000, 0x00000000c7100000|  0%| F|  |TAMS 0x00000000c7000000, 0x00000000c7000000| Untracked 
| 113|0x00000000c7100000, 0x00000000c7100000, 0x00000000c7200000|  0%| F|  |TAMS 0x00000000c7100000, 0x00000000c7100000| Untracked 
| 114|0x00000000c7200000, 0x00000000c7200000, 0x00000000c7300000|  0%| F|  |TAMS 0x00000000c7200000, 0x00000000c7200000| Untracked 
| 115|0x00000000c7300000, 0x00000000c7300000, 0x00000000c7400000|  0%| F|  |TAMS 0x00000000c7300000, 0x00000000c7300000| Untracked 
| 116|0x00000000c7400000, 0x00000000c7400000, 0x00000000c7500000|  0%| F|  |TAMS 0x00000000c7400000, 0x00000000c7400000| Untracked 
| 117|0x00000000c7500000, 0x00000000c7500000, 0x00000000c7600000|  0%| F|  |TAMS 0x00000000c7500000, 0x00000000c7500000| Untracked 
| 118|0x00000000c7600000, 0x00000000c7600000, 0x00000000c7700000|  0%| F|  |TAMS 0x00000000c7600000, 0x00000000c7600000| Untracked 
| 119|0x00000000c7700000, 0x00000000c7700000, 0x00000000c7800000|  0%| F|  |TAMS 0x00000000c7700000, 0x00000000c7700000| Untracked 
| 120|0x00000000c7800000, 0x00000000c7800000, 0x00000000c7900000|  0%| F|  |TAMS 0x00000000c7800000, 0x00000000c7800000| Untracked 
| 121|0x00000000c7900000, 0x00000000c7900000, 0x00000000c7a00000|  0%| F|  |TAMS 0x00000000c7900000, 0x00000000c7900000| Untracked 
| 122|0x00000000c7a00000, 0x00000000c7a00000, 0x00000000c7b00000|  0%| F|  |TAMS 0x00000000c7a00000, 0x00000000c7a00000| Untracked 
| 123|0x00000000c7b00000, 0x00000000c7b00000, 0x00000000c7c00000|  0%| F|  |TAMS 0x00000000c7b00000, 0x00000000c7b00000| Untracked 
| 124|0x00000000c7c00000, 0x00000000c7c00000, 0x00000000c7d00000|  0%| F|  |TAMS 0x00000000c7c00000, 0x00000000c7c00000| Untracked 
| 125|0x00000000c7d00000, 0x00000000c7d00000, 0x00000000c7e00000|  0%| F|  |TAMS 0x00000000c7d00000, 0x00000000c7d00000| Untracked 
| 126|0x00000000c7e00000, 0x00000000c7e00000, 0x00000000c7f00000|  0%| F|  |TAMS 0x00000000c7e00000, 0x00000000c7e00000| Untracked 
| 127|0x00000000c7f00000, 0x00000000c7f00000, 0x00000000c8000000|  0%| F|  |TAMS 0x00000000c7f00000, 0x00000000c7f00000| Untracked 
| 128|0x00000000c8000000, 0x00000000c8000000, 0x00000000c8100000|  0%| F|  |TAMS 0x00000000c8000000, 0x00000000c8000000| Untracked 
| 129|0x00000000c8100000, 0x00000000c8100000, 0x00000000c8200000|  0%| F|  |TAMS 0x00000000c8100000, 0x00000000c8100000| Untracked 
| 130|0x00000000c8200000, 0x00000000c8200000, 0x00000000c8300000|  0%| F|  |TAMS 0x00000000c8200000, 0x00000000c8200000| Untracked 
| 131|0x00000000c8300000, 0x00000000c8300000, 0x00000000c8400000|  0%| F|  |TAMS 0x00000000c8300000, 0x00000000c8300000| Untracked 
| 132|0x00000000c8400000, 0x00000000c8400000, 0x00000000c8500000|  0%| F|  |TAMS 0x00000000c8400000, 0x00000000c8400000| Untracked 
| 133|0x00000000c8500000, 0x00000000c8500000, 0x00000000c8600000|  0%| F|  |TAMS 0x00000000c8500000, 0x00000000c8500000| Untracked 
| 134|0x00000000c8600000, 0x00000000c8600000, 0x00000000c8700000|  0%| F|  |TAMS 0x00000000c8600000, 0x00000000c8600000| Untracked 
| 135|0x00000000c8700000, 0x00000000c8700000, 0x00000000c8800000|  0%| F|  |TAMS 0x00000000c8700000, 0x00000000c8700000| Untracked 
| 136|0x00000000c8800000, 0x00000000c8800000, 0x00000000c8900000|  0%| F|  |TAMS 0x00000000c8800000, 0x00000000c8800000| Untracked 
| 137|0x00000000c8900000, 0x00000000c89fffd8, 0x00000000c8a00000| 99%| O|  |TAMS 0x00000000c89fffd8, 0x00000000c8900000| Untracked 
| 138|0x00000000c8a00000, 0x00000000c8a00000, 0x00000000c8b00000|  0%| F|  |TAMS 0x00000000c8a00000, 0x00000000c8a00000| Untracked 
| 139|0x00000000c8b00000, 0x00000000c8b00000, 0x00000000c8c00000|  0%| F|  |TAMS 0x00000000c8b00000, 0x00000000c8b00000| Untracked 
| 140|0x00000000c8c00000, 0x00000000c8c00000, 0x00000000c8d00000|  0%| F|  |TAMS 0x00000000c8c00000, 0x00000000c8c00000| Untracked 
| 141|0x00000000c8d00000, 0x00000000c8d00000, 0x00000000c8e00000|  0%| F|  |TAMS 0x00000000c8d00000, 0x00000000c8d00000| Untracked 
| 142|0x00000000c8e00000, 0x00000000c8e00000, 0x00000000c8f00000|  0%| F|  |TAMS 0x00000000c8e00000, 0x00000000c8e00000| Untracked 
| 143|0x00000000c8f00000, 0x00000000c8f00000, 0x00000000c9000000|  0%| F|  |TAMS 0x00000000c8f00000, 0x00000000c8f00000| Untracked 
| 144|0x00000000c9000000, 0x00000000c9000000, 0x00000000c9100000|  0%| F|  |TAMS 0x00000000c9000000, 0x00000000c9000000| Untracked 
| 145|0x00000000c9100000, 0x00000000c9100000, 0x00000000c9200000|  0%| F|  |TAMS 0x00000000c9100000, 0x00000000c9100000| Untracked 
| 146|0x00000000c9200000, 0x00000000c9300000, 0x00000000c9300000|100%|HS|  |TAMS 0x00000000c9300000, 0x00000000c9200000| Untracked 
| 147|0x00000000c9300000, 0x00000000c9400000, 0x00000000c9400000|100%|HC|  |TAMS 0x00000000c9400000, 0x00000000c9300000| Untracked 
| 148|0x00000000c9400000, 0x00000000c9400000, 0x00000000c9500000|  0%| F|  |TAMS 0x00000000c9400000, 0x00000000c9400000| Untracked 
| 149|0x00000000c9500000, 0x00000000c9500000, 0x00000000c9600000|  0%| F|  |TAMS 0x00000000c9500000, 0x00000000c9500000| Untracked 
| 150|0x00000000c9600000, 0x00000000c9600000, 0x00000000c9700000|  0%| F|  |TAMS 0x00000000c9600000, 0x00000000c9600000| Untracked 
| 151|0x00000000c9700000, 0x00000000c9700000, 0x00000000c9800000|  0%| F|  |TAMS 0x00000000c9700000, 0x00000000c9700000| Untracked 
| 152|0x00000000c9800000, 0x00000000c9800000, 0x00000000c9900000|  0%| F|  |TAMS 0x00000000c9800000, 0x00000000c9800000| Untracked 
| 153|0x00000000c9900000, 0x00000000c9900000, 0x00000000c9a00000|  0%| F|  |TAMS 0x00000000c9900000, 0x00000000c9900000| Untracked 
| 154|0x00000000c9a00000, 0x00000000c9a00000, 0x00000000c9b00000|  0%| F|  |TAMS 0x00000000c9a00000, 0x00000000c9a00000| Untracked 
| 155|0x00000000c9b00000, 0x00000000c9b00000, 0x00000000c9c00000|  0%| F|  |TAMS 0x00000000c9b00000, 0x00000000c9b00000| Untracked 
| 156|0x00000000c9c00000, 0x00000000c9c00000, 0x00000000c9d00000|  0%| F|  |TAMS 0x00000000c9c00000, 0x00000000c9c00000| Untracked 
| 157|0x00000000c9d00000, 0x00000000c9d00000, 0x00000000c9e00000|  0%| F|  |TAMS 0x00000000c9d00000, 0x00000000c9d00000| Untracked 
| 158|0x00000000c9e00000, 0x00000000c9e00000, 0x00000000c9f00000|  0%| F|  |TAMS 0x00000000c9e00000, 0x00000000c9e00000| Untracked 
| 159|0x00000000c9f00000, 0x00000000c9f00000, 0x00000000ca000000|  0%| F|  |TAMS 0x00000000c9f00000, 0x00000000c9f00000| Untracked 
| 160|0x00000000ca000000, 0x00000000ca000000, 0x00000000ca100000|  0%| F|  |TAMS 0x00000000ca000000, 0x00000000ca000000| Untracked 
| 161|0x00000000ca100000, 0x00000000ca100000, 0x00000000ca200000|  0%| F|  |TAMS 0x00000000ca100000, 0x00000000ca100000| Untracked 
| 162|0x00000000ca200000, 0x00000000ca200000, 0x00000000ca300000|  0%| F|  |TAMS 0x00000000ca200000, 0x00000000ca200000| Untracked 
| 163|0x00000000ca300000, 0x00000000ca300000, 0x00000000ca400000|  0%| F|  |TAMS 0x00000000ca300000, 0x00000000ca300000| Untracked 
| 164|0x00000000ca400000, 0x00000000ca400000, 0x00000000ca500000|  0%| F|  |TAMS 0x00000000ca400000, 0x00000000ca400000| Untracked 
| 165|0x00000000ca500000, 0x00000000ca500000, 0x00000000ca600000|  0%| F|  |TAMS 0x00000000ca500000, 0x00000000ca500000| Untracked 
| 166|0x00000000ca600000, 0x00000000ca600000, 0x00000000ca700000|  0%| F|  |TAMS 0x00000000ca600000, 0x00000000ca600000| Untracked 
| 167|0x00000000ca700000, 0x00000000ca700000, 0x00000000ca800000|  0%| F|  |TAMS 0x00000000ca700000, 0x00000000ca700000| Untracked 
| 168|0x00000000ca800000, 0x00000000ca800000, 0x00000000ca900000|  0%| F|  |TAMS 0x00000000ca800000, 0x00000000ca800000| Untracked 
| 169|0x00000000ca900000, 0x00000000ca900000, 0x00000000caa00000|  0%| F|  |TAMS 0x00000000ca900000, 0x00000000ca900000| Untracked 
| 170|0x00000000caa00000, 0x00000000caa00000, 0x00000000cab00000|  0%| F|  |TAMS 0x00000000caa00000, 0x00000000caa00000| Untracked 
| 171|0x00000000cab00000, 0x00000000cab00000, 0x00000000cac00000|  0%| F|  |TAMS 0x00000000cab00000, 0x00000000cab00000| Untracked 
| 172|0x00000000cac00000, 0x00000000cac00000, 0x00000000cad00000|  0%| F|  |TAMS 0x00000000cac00000, 0x00000000cac00000| Untracked 
| 173|0x00000000cad00000, 0x00000000cad00000, 0x00000000cae00000|  0%| F|  |TAMS 0x00000000cad00000, 0x00000000cad00000| Untracked 
| 174|0x00000000cae00000, 0x00000000cae00000, 0x00000000caf00000|  0%| F|  |TAMS 0x00000000cae00000, 0x00000000cae00000| Untracked 
| 175|0x00000000caf00000, 0x00000000caf00000, 0x00000000cb000000|  0%| F|  |TAMS 0x00000000caf00000, 0x00000000caf00000| Untracked 
| 176|0x00000000cb000000, 0x00000000cb000000, 0x00000000cb100000|  0%| F|  |TAMS 0x00000000cb000000, 0x00000000cb000000| Untracked 
| 177|0x00000000cb100000, 0x00000000cb100000, 0x00000000cb200000|  0%| F|  |TAMS 0x00000000cb100000, 0x00000000cb100000| Untracked 
| 178|0x00000000cb200000, 0x00000000cb200000, 0x00000000cb300000|  0%| F|  |TAMS 0x00000000cb200000, 0x00000000cb200000| Untracked 
| 179|0x00000000cb300000, 0x00000000cb300000, 0x00000000cb400000|  0%| F|  |TAMS 0x00000000cb300000, 0x00000000cb300000| Untracked 
| 180|0x00000000cb400000, 0x00000000cb400000, 0x00000000cb500000|  0%| F|  |TAMS 0x00000000cb400000, 0x00000000cb400000| Untracked 
| 181|0x00000000cb500000, 0x00000000cb500000, 0x00000000cb600000|  0%| F|  |TAMS 0x00000000cb500000, 0x00000000cb500000| Untracked 
| 182|0x00000000cb600000, 0x00000000cb600000, 0x00000000cb700000|  0%| F|  |TAMS 0x00000000cb600000, 0x00000000cb600000| Untracked 
| 183|0x00000000cb700000, 0x00000000cb800000, 0x00000000cb800000|100%| O|  |TAMS 0x00000000cb800000, 0x00000000cb700000| Untracked 
| 184|0x00000000cb800000, 0x00000000cb800000, 0x00000000cb900000|  0%| F|  |TAMS 0x00000000cb800000, 0x00000000cb800000| Untracked 
| 185|0x00000000cb900000, 0x00000000cb900000, 0x00000000cba00000|  0%| F|  |TAMS 0x00000000cb900000, 0x00000000cb900000| Untracked 
| 186|0x00000000cba00000, 0x00000000cba00000, 0x00000000cbb00000|  0%| F|  |TAMS 0x00000000cba00000, 0x00000000cba00000| Untracked 
| 187|0x00000000cbb00000, 0x00000000cbb00000, 0x00000000cbc00000|  0%| F|  |TAMS 0x00000000cbb00000, 0x00000000cbb00000| Untracked 
| 188|0x00000000cbc00000, 0x00000000cbc00000, 0x00000000cbd00000|  0%| F|  |TAMS 0x00000000cbc00000, 0x00000000cbc00000| Untracked 
| 189|0x00000000cbd00000, 0x00000000cbd00000, 0x00000000cbe00000|  0%| F|  |TAMS 0x00000000cbd00000, 0x00000000cbd00000| Untracked 
| 190|0x00000000cbe00000, 0x00000000cbe00000, 0x00000000cbf00000|  0%| F|  |TAMS 0x00000000cbe00000, 0x00000000cbe00000| Untracked 
| 191|0x00000000cbf00000, 0x00000000cbf00000, 0x00000000cc000000|  0%| F|  |TAMS 0x00000000cbf00000, 0x00000000cbf00000| Untracked 
| 192|0x00000000cc000000, 0x00000000cc000000, 0x00000000cc100000|  0%| F|  |TAMS 0x00000000cc000000, 0x00000000cc000000| Untracked 
| 193|0x00000000cc100000, 0x00000000cc100000, 0x00000000cc200000|  0%| F|  |TAMS 0x00000000cc100000, 0x00000000cc100000| Untracked 
| 194|0x00000000cc200000, 0x00000000cc200000, 0x00000000cc300000|  0%| F|  |TAMS 0x00000000cc200000, 0x00000000cc200000| Untracked 
| 195|0x00000000cc300000, 0x00000000cc300000, 0x00000000cc400000|  0%| F|  |TAMS 0x00000000cc300000, 0x00000000cc300000| Untracked 
| 196|0x00000000cc400000, 0x00000000cc400000, 0x00000000cc500000|  0%| F|  |TAMS 0x00000000cc400000, 0x00000000cc400000| Untracked 
| 197|0x00000000cc500000, 0x00000000cc500000, 0x00000000cc600000|  0%| F|  |TAMS 0x00000000cc500000, 0x00000000cc500000| Untracked 
| 198|0x00000000cc600000, 0x00000000cc600000, 0x00000000cc700000|  0%| F|  |TAMS 0x00000000cc600000, 0x00000000cc600000| Untracked 
| 199|0x00000000cc700000, 0x00000000cc700000, 0x00000000cc800000|  0%| F|  |TAMS 0x00000000cc700000, 0x00000000cc700000| Untracked 
| 200|0x00000000cc800000, 0x00000000cc800000, 0x00000000cc900000|  0%| F|  |TAMS 0x00000000cc800000, 0x00000000cc800000| Untracked 
| 201|0x00000000cc900000, 0x00000000cc9fffd0, 0x00000000cca00000| 99%| O|  |TAMS 0x00000000cc9fffd0, 0x00000000cc900000| Untracked 
| 202|0x00000000cca00000, 0x00000000cca00000, 0x00000000ccb00000|  0%| F|  |TAMS 0x00000000cca00000, 0x00000000cca00000| Untracked 
| 203|0x00000000ccb00000, 0x00000000ccb00000, 0x00000000ccc00000|  0%| F|  |TAMS 0x00000000ccb00000, 0x00000000ccb00000| Untracked 
| 204|0x00000000ccc00000, 0x00000000ccc00000, 0x00000000ccd00000|  0%| F|  |TAMS 0x00000000ccc00000, 0x00000000ccc00000| Untracked 
| 205|0x00000000ccd00000, 0x00000000ccd00000, 0x00000000cce00000|  0%| F|  |TAMS 0x00000000ccd00000, 0x00000000ccd00000| Untracked 
| 206|0x00000000cce00000, 0x00000000cce00000, 0x00000000ccf00000|  0%| F|  |TAMS 0x00000000cce00000, 0x00000000cce00000| Untracked 
| 207|0x00000000ccf00000, 0x00000000ccf00000, 0x00000000cd000000|  0%| F|  |TAMS 0x00000000ccf00000, 0x00000000ccf00000| Untracked 
| 208|0x00000000cd000000, 0x00000000cd0fffe0, 0x00000000cd100000| 99%| O|  |TAMS 0x00000000cd0fffe0, 0x00000000cd000000| Untracked 
| 209|0x00000000cd100000, 0x00000000cd200000, 0x00000000cd200000|100%| O|  |TAMS 0x00000000cd200000, 0x00000000cd100000| Untracked 
| 210|0x00000000cd200000, 0x00000000cd200000, 0x00000000cd300000|  0%| F|  |TAMS 0x00000000cd200000, 0x00000000cd200000| Untracked 
| 211|0x00000000cd300000, 0x00000000cd300000, 0x00000000cd400000|  0%| F|  |TAMS 0x00000000cd300000, 0x00000000cd300000| Untracked 
| 212|0x00000000cd400000, 0x00000000cd400000, 0x00000000cd500000|  0%| F|  |TAMS 0x00000000cd400000, 0x00000000cd400000| Untracked 
| 213|0x00000000cd500000, 0x00000000cd500000, 0x00000000cd600000|  0%| F|  |TAMS 0x00000000cd500000, 0x00000000cd500000| Untracked 
| 214|0x00000000cd600000, 0x00000000cd700000, 0x00000000cd700000|100%| O|  |TAMS 0x00000000cd700000, 0x00000000cd600000| Untracked 
| 215|0x00000000cd700000, 0x00000000cd800000, 0x00000000cd800000|100%| O|  |TAMS 0x00000000cd800000, 0x00000000cd700000| Untracked 
| 216|0x00000000cd800000, 0x00000000cd800000, 0x00000000cd900000|  0%| F|  |TAMS 0x00000000cd800000, 0x00000000cd800000| Untracked 
| 217|0x00000000cd900000, 0x00000000cd900000, 0x00000000cda00000|  0%| F|  |TAMS 0x00000000cd900000, 0x00000000cd900000| Untracked 
| 218|0x00000000cda00000, 0x00000000cda00000, 0x00000000cdb00000|  0%| F|  |TAMS 0x00000000cda00000, 0x00000000cda00000| Untracked 
| 219|0x00000000cdb00000, 0x00000000cdb00000, 0x00000000cdc00000|  0%| F|  |TAMS 0x00000000cdb00000, 0x00000000cdb00000| Untracked 
| 220|0x00000000cdc00000, 0x00000000cdd00000, 0x00000000cdd00000|100%| O|  |TAMS 0x00000000cdd00000, 0x00000000cdc00000| Untracked 
| 221|0x00000000cdd00000, 0x00000000cdd00000, 0x00000000cde00000|  0%| F|  |TAMS 0x00000000cdd00000, 0x00000000cdd00000| Untracked 
| 222|0x00000000cde00000, 0x00000000cde00000, 0x00000000cdf00000|  0%| F|  |TAMS 0x00000000cde00000, 0x00000000cde00000| Untracked 
| 223|0x00000000cdf00000, 0x00000000cdffa4f0, 0x00000000ce000000| 97%| O|  |TAMS 0x00000000cdffa4f0, 0x00000000cdf00000| Untracked 
| 224|0x00000000ce000000, 0x00000000ce000000, 0x00000000ce100000|  0%| F|  |TAMS 0x00000000ce000000, 0x00000000ce000000| Untracked 
| 225|0x00000000ce100000, 0x00000000ce100000, 0x00000000ce200000|  0%| F|  |TAMS 0x00000000ce100000, 0x00000000ce100000| Untracked 
| 226|0x00000000ce200000, 0x00000000ce200000, 0x00000000ce300000|  0%| F|  |TAMS 0x00000000ce200000, 0x00000000ce200000| Untracked 
| 227|0x00000000ce300000, 0x00000000ce300000, 0x00000000ce400000|  0%| F|  |TAMS 0x00000000ce300000, 0x00000000ce300000| Untracked 
| 228|0x00000000ce400000, 0x00000000ce400000, 0x00000000ce500000|  0%| F|  |TAMS 0x00000000ce400000, 0x00000000ce400000| Untracked 
| 229|0x00000000ce500000, 0x00000000ce500000, 0x00000000ce600000|  0%| F|  |TAMS 0x00000000ce500000, 0x00000000ce500000| Untracked 
| 230|0x00000000ce600000, 0x00000000ce600000, 0x00000000ce700000|  0%| F|  |TAMS 0x00000000ce600000, 0x00000000ce600000| Untracked 
| 231|0x00000000ce700000, 0x00000000ce700000, 0x00000000ce800000|  0%| F|  |TAMS 0x00000000ce700000, 0x00000000ce700000| Untracked 
| 232|0x00000000ce800000, 0x00000000ce800000, 0x00000000ce900000|  0%| F|  |TAMS 0x00000000ce800000, 0x00000000ce800000| Untracked 
| 233|0x00000000ce900000, 0x00000000ce900000, 0x00000000cea00000|  0%| F|  |TAMS 0x00000000ce900000, 0x00000000ce900000| Untracked 
| 234|0x00000000cea00000, 0x00000000cea00000, 0x00000000ceb00000|  0%| F|  |TAMS 0x00000000cea00000, 0x00000000cea00000| Untracked 
| 235|0x00000000ceb00000, 0x00000000ceb00000, 0x00000000cec00000|  0%| F|  |TAMS 0x00000000ceb00000, 0x00000000ceb00000| Untracked 
| 236|0x00000000cec00000, 0x00000000cec00000, 0x00000000ced00000|  0%| F|  |TAMS 0x00000000cec00000, 0x00000000cec00000| Untracked 
| 237|0x00000000ced00000, 0x00000000ced00000, 0x00000000cee00000|  0%| F|  |TAMS 0x00000000ced00000, 0x00000000ced00000| Untracked 
| 238|0x00000000cee00000, 0x00000000cee00000, 0x00000000cef00000|  0%| F|  |TAMS 0x00000000cee00000, 0x00000000cee00000| Untracked 
| 239|0x00000000cef00000, 0x00000000cef00000, 0x00000000cf000000|  0%| F|  |TAMS 0x00000000cef00000, 0x00000000cef00000| Untracked 
| 240|0x00000000cf000000, 0x00000000cf000000, 0x00000000cf100000|  0%| F|  |TAMS 0x00000000cf000000, 0x00000000cf000000| Untracked 
| 241|0x00000000cf100000, 0x00000000cf100000, 0x00000000cf200000|  0%| F|  |TAMS 0x00000000cf100000, 0x00000000cf100000| Untracked 
| 242|0x00000000cf200000, 0x00000000cf200000, 0x00000000cf300000|  0%| F|  |TAMS 0x00000000cf200000, 0x00000000cf200000| Untracked 
| 243|0x00000000cf300000, 0x00000000cf300000, 0x00000000cf400000|  0%| F|  |TAMS 0x00000000cf300000, 0x00000000cf300000| Untracked 
| 244|0x00000000cf400000, 0x00000000cf400000, 0x00000000cf500000|  0%| F|  |TAMS 0x00000000cf400000, 0x00000000cf400000| Untracked 
| 245|0x00000000cf500000, 0x00000000cf500000, 0x00000000cf600000|  0%| F|  |TAMS 0x00000000cf500000, 0x00000000cf500000| Untracked 
| 246|0x00000000cf600000, 0x00000000cf600000, 0x00000000cf700000|  0%| F|  |TAMS 0x00000000cf600000, 0x00000000cf600000| Untracked 
| 247|0x00000000cf700000, 0x00000000cf700000, 0x00000000cf800000|  0%| F|  |TAMS 0x00000000cf700000, 0x00000000cf700000| Untracked 
| 248|0x00000000cf800000, 0x00000000cf800000, 0x00000000cf900000|  0%| F|  |TAMS 0x00000000cf800000, 0x00000000cf800000| Untracked 
| 249|0x00000000cf900000, 0x00000000cf900000, 0x00000000cfa00000|  0%| F|  |TAMS 0x00000000cf900000, 0x00000000cf900000| Untracked 
| 250|0x00000000cfa00000, 0x00000000cfa00000, 0x00000000cfb00000|  0%| F|  |TAMS 0x00000000cfa00000, 0x00000000cfa00000| Untracked 
| 251|0x00000000cfb00000, 0x00000000cfb00000, 0x00000000cfc00000|  0%| F|  |TAMS 0x00000000cfb00000, 0x00000000cfb00000| Untracked 
| 252|0x00000000cfc00000, 0x00000000cfc00000, 0x00000000cfd00000|  0%| F|  |TAMS 0x00000000cfc00000, 0x00000000cfc00000| Untracked 
| 253|0x00000000cfd00000, 0x00000000cfd00000, 0x00000000cfe00000|  0%| F|  |TAMS 0x00000000cfd00000, 0x00000000cfd00000| Untracked 
| 254|0x00000000cfe00000, 0x00000000cfe00000, 0x00000000cff00000|  0%| F|  |TAMS 0x00000000cfe00000, 0x00000000cfe00000| Untracked 
| 255|0x00000000cff00000, 0x00000000cff00000, 0x00000000d0000000|  0%| F|  |TAMS 0x00000000cff00000, 0x00000000cff00000| Untracked 
| 256|0x00000000d0000000, 0x00000000d0000000, 0x00000000d0100000|  0%| F|  |TAMS 0x00000000d0000000, 0x00000000d0000000| Untracked 
| 257|0x00000000d0100000, 0x00000000d0100000, 0x00000000d0200000|  0%| F|  |TAMS 0x00000000d0100000, 0x00000000d0100000| Untracked 
| 258|0x00000000d0200000, 0x00000000d0200000, 0x00000000d0300000|  0%| F|  |TAMS 0x00000000d0200000, 0x00000000d0200000| Untracked 
| 259|0x00000000d0300000, 0x00000000d0300000, 0x00000000d0400000|  0%| F|  |TAMS 0x00000000d0300000, 0x00000000d0300000| Untracked 
| 260|0x00000000d0400000, 0x00000000d0400000, 0x00000000d0500000|  0%| F|  |TAMS 0x00000000d0400000, 0x00000000d0400000| Untracked 
| 261|0x00000000d0500000, 0x00000000d0500000, 0x00000000d0600000|  0%| F|  |TAMS 0x00000000d0500000, 0x00000000d0500000| Untracked 
| 262|0x00000000d0600000, 0x00000000d0600000, 0x00000000d0700000|  0%| F|  |TAMS 0x00000000d0600000, 0x00000000d0600000| Untracked 
| 263|0x00000000d0700000, 0x00000000d0743820, 0x00000000d0800000| 26%| E|  |TAMS 0x00000000d0700000, 0x00000000d0700000| Complete 

Card table byte_map: [0x000001c42ab10000,0x000001c42ad10000] _byte_map_base: 0x000001c42a510000

Marking Bits (Prev, Next): (CMBitMap*) 0x000001c41ffb5fe0, (CMBitMap*) 0x000001c41ffb6020
 Prev Bits: [0x000001c42af10000, 0x000001c42bf10000)
 Next Bits: [0x000001c42bf10000, 0x000001c42cf10000)

Polling page: 0x000001c41f750000

Metaspace:

Usage:
  Non-class:     56.97 MB used.
      Class:      9.03 MB used.
       Both:     66.00 MB used.

Virtual space:
  Non-class space:       64.00 MB reserved,      57.44 MB ( 90%) committed,  8 nodes.
      Class space:        1.00 GB reserved,       9.31 MB ( <1%) committed,  1 nodes.
             Both:        1.06 GB reserved,      66.75 MB (  6%) committed. 

Chunk freelists:
   Non-Class:  2.83 MB
       Class:  2.77 MB
        Both:  5.59 MB

MaxMetaspaceSize: unlimited
CompressedClassSpaceSize: 1.00 GB
Initial GC threshold: 21.00 MB
Current GC threshold: 111.25 MB
CDS: on
MetaspaceReclaimPolicy: balanced
 - commit_granule_bytes: 65536.
 - commit_granule_words: 8192.
 - virtual_space_node_default_size: 1048576.
 - enlarge_chunks_in_place: 1.
 - new_chunks_are_fully_committed: 0.
 - uncommit_free_chunks: 1.
 - use_allocation_guard: 0.
 - handle_deallocations: 1.


Internal statistics:

num_allocs_failed_limit: 3.
num_arena_births: 696.
num_arena_deaths: 224.
num_vsnodes_births: 9.
num_vsnodes_deaths: 0.
num_space_committed: 1068.
num_space_uncommitted: 0.
num_chunks_returned_to_freelist: 269.
num_chunks_taken_from_freelist: 3114.
num_chunk_merges: 88.
num_chunk_splits: 2248.
num_chunks_enlarged: 1730.
num_purges: 10.
num_inconsistent_stats: 0.

CodeCache: size=49152Kb used=20807Kb max_used=22425Kb free=28344Kb
 bounds [0x000001c427800000, 0x000001c428df0000, 0x000001c42a800000]
 total_blobs=12046 nmethods=11352 adapters=620
 compilation: enabled
              stopped_count=0, restarted_count=0
 full_count=0

Compilation events (20 events):
Event: 1288.021 Thread 0x000001c42f9a7730 11525       1       reactor.core.scheduler.BoundedElasticScheduler$$Lambda$609/0x0000000800fa7850::run (8 bytes)
Event: 1288.021 Thread 0x000001c42f9a7730 nmethod 11525 0x000001c4279a9810 code [0x000001c4279a99a0, 0x000001c4279a9a88]
Event: 1288.021 Thread 0x000001c42f9a7730 11527       1       java.util.concurrent.ConcurrentLinkedDeque::toArray (6 bytes)
Event: 1288.021 Thread 0x000001c42f9a7730 nmethod 11527 0x000001c4279a9510 code [0x000001c4279a96a0, 0x000001c4279a9788]
Event: 1308.149 Thread 0x000001c42f9a7730 11529       1       org.springframework.ide.vscode.commons.languageserver.util.SimpleLanguageServer::getParentProcessId (5 bytes)
Event: 1308.149 Thread 0x000001c42f9a7730 nmethod 11529 0x000001c4279a9210 code [0x000001c4279a93a0, 0x000001c4279a9478]
Event: 1358.940 Thread 0x000001c42f9a7730 11530       1       java.io.FileInputStream::<init> (59 bytes)
Event: 1358.941 Thread 0x000001c42f9a7730 nmethod 11530 0x000001c4279a8910 code [0x000001c4279a8b00, 0x000001c4279a9008]
Event: 1358.941 Thread 0x000001c42f9a7730 11531       1       java.lang.Process$PipeInputStream::<init> (6 bytes)
Event: 1358.941 Thread 0x000001c42f9a7730 nmethod 11531 0x000001c4279a8610 code [0x000001c4279a87a0, 0x000001c4279a8888]
Event: 1359.027 Thread 0x000001c42f9a7730 11532       1       java.lang.ProcessImpl::exitValue (28 bytes)
Event: 1359.082 Thread 0x000001c42f9a7730 nmethod 11532 0x000001c4279a8210 code [0x000001c4279a83c0, 0x000001c4279a8518]
Event: 1359.082 Thread 0x000001c42f9a7730 11535   !   1       com.google.common.io.Closeables::closeQuietly (19 bytes)
Event: 1359.082 Thread 0x000001c42f9a7730 nmethod 11535 0x000001c4279a7e10 code [0x000001c4279a7fc0, 0x000001c4279a8138]
Event: 1359.082 Thread 0x000001c42f9a7730 11533       1       java.lang.ProcessImpl::getInputStream (5 bytes)
Event: 1359.082 Thread 0x000001c42f9a7730 nmethod 11533 0x000001c4279a7b10 code [0x000001c4279a7ca0, 0x000001c4279a7d78]
Event: 1359.082 Thread 0x000001c42f9a7730 11534       1       java.lang.ProcessImpl::getErrorStream (5 bytes)
Event: 1359.082 Thread 0x000001c42f9a7730 nmethod 11534 0x000001c4279a7810 code [0x000001c4279a79a0, 0x000001c4279a7a78]
Event: 1359.082 Thread 0x000001c42f9a7730 11536       1       java.lang.ProcessImpl::getOutputStream (5 bytes)
Event: 1359.082 Thread 0x000001c42f9a7730 nmethod 11536 0x000001c4279a7510 code [0x000001c4279a76a0, 0x000001c4279a7778]

GC Heap History (20 events):
Event: 1420.031 GC heap after
{Heap after GC invocations=230 (full 134):
 garbage-first heap   total 270336K, used 79388K [0x00000000c0000000, 0x0000000100000000)
  region size 1024K, 0 young (0K), 0 survivors (0K)
 Metaspace       used 67586K, committed 68352K, reserved 1114112K
  class space    used 9251K, committed 9536K, reserved 1048576K
}
Event: 1430.139 GC heap before
{Heap before GC invocations=230 (full 134):
 garbage-first heap   total 270336K, used 79388K [0x00000000c0000000, 0x0000000100000000)
  region size 1024K, 1 young (1024K), 0 survivors (0K)
 Metaspace       used 67586K, committed 68352K, reserved 1114112K
  class space    used 9251K, committed 9536K, reserved 1048576K
}
Event: 1430.196 GC heap after
{Heap after GC invocations=231 (full 135):
 garbage-first heap   total 270336K, used 79388K [0x00000000c0000000, 0x0000000100000000)
  region size 1024K, 0 young (0K), 0 survivors (0K)
 Metaspace       used 67586K, committed 68352K, reserved 1114112K
  class space    used 9251K, committed 9536K, reserved 1048576K
}
Event: 1440.299 GC heap before
{Heap before GC invocations=231 (full 135):
 garbage-first heap   total 270336K, used 79388K [0x00000000c0000000, 0x0000000100000000)
  region size 1024K, 1 young (1024K), 0 survivors (0K)
 Metaspace       used 67586K, committed 68352K, reserved 1114112K
  class space    used 9251K, committed 9536K, reserved 1048576K
}
Event: 1440.346 GC heap after
{Heap after GC invocations=232 (full 136):
 garbage-first heap   total 270336K, used 79388K [0x00000000c0000000, 0x0000000100000000)
  region size 1024K, 0 young (0K), 0 survivors (0K)
 Metaspace       used 67586K, committed 68352K, reserved 1114112K
  class space    used 9251K, committed 9536K, reserved 1048576K
}
Event: 1450.438 GC heap before
{Heap before GC invocations=232 (full 136):
 garbage-first heap   total 270336K, used 79388K [0x00000000c0000000, 0x0000000100000000)
  region size 1024K, 1 young (1024K), 0 survivors (0K)
 Metaspace       used 67586K, committed 68352K, reserved 1114112K
  class space    used 9251K, committed 9536K, reserved 1048576K
}
Event: 1450.494 GC heap after
{Heap after GC invocations=233 (full 137):
 garbage-first heap   total 270336K, used 79388K [0x00000000c0000000, 0x0000000100000000)
  region size 1024K, 0 young (0K), 0 survivors (0K)
 Metaspace       used 67586K, committed 68352K, reserved 1114112K
  class space    used 9251K, committed 9536K, reserved 1048576K
}
Event: 1460.605 GC heap before
{Heap before GC invocations=233 (full 137):
 garbage-first heap   total 270336K, used 79388K [0x00000000c0000000, 0x0000000100000000)
  region size 1024K, 1 young (1024K), 0 survivors (0K)
 Metaspace       used 67586K, committed 68352K, reserved 1114112K
  class space    used 9251K, committed 9536K, reserved 1048576K
}
Event: 1460.662 GC heap after
{Heap after GC invocations=234 (full 138):
 garbage-first heap   total 270336K, used 79388K [0x00000000c0000000, 0x0000000100000000)
  region size 1024K, 0 young (0K), 0 survivors (0K)
 Metaspace       used 67586K, committed 68352K, reserved 1114112K
  class space    used 9251K, committed 9536K, reserved 1048576K
}
Event: 1470.762 GC heap before
{Heap before GC invocations=234 (full 138):
 garbage-first heap   total 270336K, used 79388K [0x00000000c0000000, 0x0000000100000000)
  region size 1024K, 1 young (1024K), 0 survivors (0K)
 Metaspace       used 67586K, committed 68352K, reserved 1114112K
  class space    used 9251K, committed 9536K, reserved 1048576K
}
Event: 1470.813 GC heap after
{Heap after GC invocations=235 (full 139):
 garbage-first heap   total 270336K, used 79388K [0x00000000c0000000, 0x0000000100000000)
  region size 1024K, 0 young (0K), 0 survivors (0K)
 Metaspace       used 67586K, committed 68352K, reserved 1114112K
  class space    used 9251K, committed 9536K, reserved 1048576K
}
Event: 1480.905 GC heap before
{Heap before GC invocations=235 (full 139):
 garbage-first heap   total 270336K, used 79388K [0x00000000c0000000, 0x0000000100000000)
  region size 1024K, 1 young (1024K), 0 survivors (0K)
 Metaspace       used 67586K, committed 68352K, reserved 1114112K
  class space    used 9251K, committed 9536K, reserved 1048576K
}
Event: 1480.957 GC heap after
{Heap after GC invocations=236 (full 140):
 garbage-first heap   total 270336K, used 79388K [0x00000000c0000000, 0x0000000100000000)
  region size 1024K, 0 young (0K), 0 survivors (0K)
 Metaspace       used 67586K, committed 68352K, reserved 1114112K
  class space    used 9251K, committed 9536K, reserved 1048576K
}
Event: 1491.068 GC heap before
{Heap before GC invocations=236 (full 140):
 garbage-first heap   total 270336K, used 79388K [0x00000000c0000000, 0x0000000100000000)
  region size 1024K, 1 young (1024K), 0 survivors (0K)
 Metaspace       used 67586K, committed 68352K, reserved 1114112K
  class space    used 9251K, committed 9536K, reserved 1048576K
}
Event: 1491.128 GC heap after
{Heap after GC invocations=237 (full 141):
 garbage-first heap   total 270336K, used 79388K [0x00000000c0000000, 0x0000000100000000)
  region size 1024K, 0 young (0K), 0 survivors (0K)
 Metaspace       used 67586K, committed 68352K, reserved 1114112K
  class space    used 9251K, committed 9536K, reserved 1048576K
}
Event: 1501.262 GC heap before
{Heap before GC invocations=237 (full 141):
 garbage-first heap   total 270336K, used 79388K [0x00000000c0000000, 0x0000000100000000)
  region size 1024K, 1 young (1024K), 0 survivors (0K)
 Metaspace       used 67586K, committed 68352K, reserved 1114112K
  class space    used 9251K, committed 9536K, reserved 1048576K
}
Event: 1501.320 GC heap after
{Heap after GC invocations=238 (full 142):
 garbage-first heap   total 270336K, used 79388K [0x00000000c0000000, 0x0000000100000000)
  region size 1024K, 0 young (0K), 0 survivors (0K)
 Metaspace       used 67586K, committed 68352K, reserved 1114112K
  class space    used 9251K, committed 9536K, reserved 1048576K
}
Event: 1511.434 GC heap before
{Heap before GC invocations=238 (full 142):
 garbage-first heap   total 270336K, used 79388K [0x00000000c0000000, 0x0000000100000000)
  region size 1024K, 1 young (1024K), 0 survivors (0K)
 Metaspace       used 67586K, committed 68352K, reserved 1114112K
  class space    used 9251K, committed 9536K, reserved 1048576K
}
Event: 1511.489 GC heap after
{Heap after GC invocations=239 (full 143):
 garbage-first heap   total 270336K, used 79388K [0x00000000c0000000, 0x0000000100000000)
  region size 1024K, 0 young (0K), 0 survivors (0K)
 Metaspace       used 67586K, committed 68352K, reserved 1114112K
  class space    used 9251K, committed 9536K, reserved 1048576K
}
Event: 1521.584 GC heap before
{Heap before GC invocations=239 (full 143):
 garbage-first heap   total 270336K, used 79388K [0x00000000c0000000, 0x0000000100000000)
  region size 1024K, 1 young (1024K), 0 survivors (0K)
 Metaspace       used 67586K, committed 68352K, reserved 1114112K
  class space    used 9251K, committed 9536K, reserved 1048576K
}

Deoptimization events (20 events):
Event: 25.661 Thread 0x000001c431521fe0 DEOPT PACKING pc=0x000001c428919e1c sp=0x00000078273fe300
Event: 25.661 Thread 0x000001c431521fe0 DEOPT UNPACKING pc=0x000001c427852b43 sp=0x00000078273fd808 mode 0
Event: 25.661 Thread 0x000001c431521fe0 DEOPT PACKING pc=0x000001c428879a04 sp=0x00000078273fe3f0
Event: 25.661 Thread 0x000001c431521fe0 DEOPT UNPACKING pc=0x000001c427852b43 sp=0x00000078273fd8e8 mode 0
Event: 25.661 Thread 0x000001c431521fe0 DEOPT PACKING pc=0x000001c428846aa4 sp=0x00000078273fe4c0
Event: 25.661 Thread 0x000001c431521fe0 DEOPT UNPACKING pc=0x000001c427852b43 sp=0x00000078273fd998 mode 0
Event: 25.661 Thread 0x000001c431521fe0 DEOPT PACKING pc=0x000001c4288436ac sp=0x00000078273fe570
Event: 25.661 Thread 0x000001c431521fe0 DEOPT UNPACKING pc=0x000001c427852b43 sp=0x00000078273fdaf0 mode 0
Event: 25.662 Thread 0x000001c431521fe0 DEOPT PACKING pc=0x000001c428903c54 sp=0x00000078273fe890
Event: 25.662 Thread 0x000001c431521fe0 DEOPT UNPACKING pc=0x000001c427852b43 sp=0x00000078273fdd20 mode 0
Event: 25.679 Thread 0x000001c431521fe0 DEOPT PACKING pc=0x000001c427df1b33 sp=0x00000078273fdcd0
Event: 25.679 Thread 0x000001c431521fe0 DEOPT UNPACKING pc=0x000001c427852b43 sp=0x00000078273fd1f0 mode 3
Event: 27.564 Thread 0x000001c431521fe0 DEOPT PACKING pc=0x000001c4279d60bc sp=0x00000078273fe800
Event: 27.564 Thread 0x000001c431521fe0 DEOPT UNPACKING pc=0x000001c427852b43 sp=0x00000078273fdd68 mode 0
Event: 28.290 Thread 0x000001c430441890 DEOPT PACKING pc=0x000001c4289a867c sp=0x00000078279fd9e0
Event: 28.290 Thread 0x000001c430441890 DEOPT UNPACKING pc=0x000001c427852b43 sp=0x00000078279fce98 mode 0
Event: 28.961 Thread 0x000001c430441890 DEOPT PACKING pc=0x000001c428b495dc sp=0x00000078279fc3f0
Event: 28.961 Thread 0x000001c430441890 DEOPT UNPACKING pc=0x000001c427852b43 sp=0x00000078279fb7d0 mode 0
Event: 29.101 Thread 0x000001c430441890 DEOPT PACKING pc=0x000001c428b44da4 sp=0x00000078279fdaa0
Event: 29.101 Thread 0x000001c430441890 DEOPT UNPACKING pc=0x000001c427852b43 sp=0x00000078279fd038 mode 0

Classes unloaded (20 events):
Event: 241.480 Thread 0x000001c42f97a370 Unloading class 0x0000000800ee1400 'java/lang/invoke/LambdaForm$MH+0x0000000800ee1400'
Event: 241.480 Thread 0x000001c42f97a370 Unloading class 0x0000000800ee1000 'java/lang/invoke/LambdaForm$MH+0x0000000800ee1000'
Event: 241.480 Thread 0x000001c42f97a370 Unloading class 0x0000000800c19c00 'java/lang/invoke/LambdaForm$MH+0x0000000800c19c00'
Event: 241.480 Thread 0x000001c42f97a370 Unloading class 0x0000000800c19800 'java/lang/invoke/LambdaForm$MH+0x0000000800c19800'
Event: 241.480 Thread 0x000001c42f97a370 Unloading class 0x0000000800c19400 'java/lang/invoke/LambdaForm$MH+0x0000000800c19400'
Event: 241.480 Thread 0x000001c42f97a370 Unloading class 0x0000000800c19000 'java/lang/invoke/LambdaForm$MH+0x0000000800c19000'
Event: 241.480 Thread 0x000001c42f97a370 Unloading class 0x0000000800c18c00 'java/lang/invoke/LambdaForm$MH+0x0000000800c18c00'
Event: 241.480 Thread 0x000001c42f97a370 Unloading class 0x0000000800c18800 'java/lang/invoke/LambdaForm$MH+0x0000000800c18800'
Event: 241.480 Thread 0x000001c42f97a370 Unloading class 0x0000000800c18400 'java/lang/invoke/LambdaForm$MH+0x0000000800c18400'
Event: 241.480 Thread 0x000001c42f97a370 Unloading class 0x0000000800c18000 'java/lang/invoke/LambdaForm$MH+0x0000000800c18000'
Event: 241.480 Thread 0x000001c42f97a370 Unloading class 0x0000000800c11800 'java/lang/invoke/LambdaForm$MH+0x0000000800c11800'
Event: 241.480 Thread 0x000001c42f97a370 Unloading class 0x0000000800c11400 'java/lang/invoke/LambdaForm$MH+0x0000000800c11400'
Event: 241.480 Thread 0x000001c42f97a370 Unloading class 0x0000000800c11000 'java/lang/invoke/LambdaForm$MH+0x0000000800c11000'
Event: 241.480 Thread 0x000001c42f97a370 Unloading class 0x0000000800c10c00 'java/lang/invoke/LambdaForm$MH+0x0000000800c10c00'
Event: 241.480 Thread 0x000001c42f97a370 Unloading class 0x0000000800c10800 'java/lang/invoke/LambdaForm$MH+0x0000000800c10800'
Event: 241.480 Thread 0x000001c42f97a370 Unloading class 0x0000000800c10400 'java/lang/invoke/LambdaForm$MH+0x0000000800c10400'
Event: 241.480 Thread 0x000001c42f97a370 Unloading class 0x0000000800c0dc00 'java/lang/invoke/LambdaForm$MH+0x0000000800c0dc00'
Event: 241.480 Thread 0x000001c42f97a370 Unloading class 0x0000000800c0d400 'java/lang/invoke/LambdaForm$MH+0x0000000800c0d400'
Event: 241.480 Thread 0x000001c42f97a370 Unloading class 0x0000000800c0cc00 'java/lang/invoke/LambdaForm$MH+0x0000000800c0cc00'
Event: 241.480 Thread 0x000001c42f97a370 Unloading class 0x0000000800c0c400 'java/lang/invoke/LambdaForm$MH+0x0000000800c0c400'

Classes redefined (0 events):
No events

Internal exceptions (20 events):
Event: 31.333 Thread 0x000001c430441890 Exception <a 'sun/nio/fs/WindowsException'{0x00000000e199c630}> (0x00000000e199c630) 
thrown [s\open\src\hotspot\share\prims\jni.cpp, line 516]
Event: 31.333 Thread 0x000001c430441890 Exception <a 'sun/nio/fs/WindowsException'{0x00000000e199c900}> (0x00000000e199c900) 
thrown [s\open\src\hotspot\share\prims\jni.cpp, line 516]
Event: 31.334 Thread 0x000001c430441890 Exception <a 'sun/nio/fs/WindowsException'{0x00000000e19cac38}> (0x00000000e19cac38) 
thrown [s\open\src\hotspot\share\prims\jni.cpp, line 516]
Event: 31.334 Thread 0x000001c430441890 Exception <a 'sun/nio/fs/WindowsException'{0x00000000e19caef0}> (0x00000000e19caef0) 
thrown [s\open\src\hotspot\share\prims\jni.cpp, line 516]
Event: 31.334 Thread 0x000001c430441890 Exception <a 'sun/nio/fs/WindowsException'{0x00000000e19cbd80}> (0x00000000e19cbd80) 
thrown [s\open\src\hotspot\share\prims\jni.cpp, line 516]
Event: 31.334 Thread 0x000001c430441890 Exception <a 'sun/nio/fs/WindowsException'{0x00000000e19cc038}> (0x00000000e19cc038) 
thrown [s\open\src\hotspot\share\prims\jni.cpp, line 516]
Event: 31.334 Thread 0x000001c430441890 Exception <a 'sun/nio/fs/WindowsException'{0x00000000e19eb2a8}> (0x00000000e19eb2a8) 
thrown [s\open\src\hotspot\share\prims\jni.cpp, line 516]
Event: 31.334 Thread 0x000001c430441890 Exception <a 'sun/nio/fs/WindowsException'{0x00000000e19eb558}> (0x00000000e19eb558) 
thrown [s\open\src\hotspot\share\prims\jni.cpp, line 516]
Event: 31.334 Thread 0x000001c430441890 Exception <a 'sun/nio/fs/WindowsException'{0x00000000e19ec3d8}> (0x00000000e19ec3d8) 
thrown [s\open\src\hotspot\share\prims\jni.cpp, line 516]
Event: 31.334 Thread 0x000001c430441890 Exception <a 'sun/nio/fs/WindowsException'{0x00000000e19ec688}> (0x00000000e19ec688) 
thrown [s\open\src\hotspot\share\prims\jni.cpp, line 516]
Event: 31.335 Thread 0x000001c430441890 Exception <a 'sun/nio/fs/WindowsException'{0x00000000e1821068}> (0x00000000e1821068) 
thrown [s\open\src\hotspot\share\prims\jni.cpp, line 516]
Event: 31.335 Thread 0x000001c430441890 Exception <a 'sun/nio/fs/WindowsException'{0x00000000e1821338}> (0x00000000e1821338) 
thrown [s\open\src\hotspot\share\prims\jni.cpp, line 516]
Event: 31.335 Thread 0x000001c430441890 Exception <a 'sun/nio/fs/WindowsException'{0x00000000e1822738}> (0x00000000e1822738) 
thrown [s\open\src\hotspot\share\prims\jni.cpp, line 516]
Event: 31.335 Thread 0x000001c430441890 Exception <a 'sun/nio/fs/WindowsException'{0x00000000e1822a08}> (0x00000000e1822a08) 
thrown [s\open\src\hotspot\share\prims\jni.cpp, line 516]
Event: 31.336 Thread 0x000001c430441890 Exception <a 'sun/nio/fs/WindowsException'{0x00000000e184ada8}> (0x00000000e184ada8) 
thrown [s\open\src\hotspot\share\prims\jni.cpp, line 516]
Event: 31.336 Thread 0x000001c430441890 Exception <a 'sun/nio/fs/WindowsException'{0x00000000e184b070}> (0x00000000e184b070) 
thrown [s\open\src\hotspot\share\prims\jni.cpp, line 516]
Event: 31.336 Thread 0x000001c430441890 Exception <a 'sun/nio/fs/WindowsException'{0x00000000e184c468}> (0x00000000e184c468) 
thrown [s\open\src\hotspot\share\prims\jni.cpp, line 516]
Event: 31.336 Thread 0x000001c430441890 Exception <a 'sun/nio/fs/WindowsException'{0x00000000e184c730}> (0x00000000e184c730) 
thrown [s\open\src\hotspot\share\prims\jni.cpp, line 516]
Event: 68.097 Thread 0x000001c431737500 Exception <a 'java/lang/NoSuchMethodError'{0x00000000e1602268}: 'void java.lang.invoke.DirectMethodHandle$Holder.invokeStatic(java.lang.Object, long)'> (0x00000000e1602268) 
thrown [s\open\src\hotspot\share\interpreter\linkResolver.cpp, line 759]
Event: 68.097 Thread 0x000001c431737500 Exception <a 'java/lang/NoSuchMethodError'{0x00000000e1607618}: 'java.lang.Object java.lang.invoke.DirectMethodHandle$Holder.newInvokeSpecial(java.lang.Object, long)'> (0x00000000e1607618) 
thrown [s\open\src\hotspot\share\interpreter\linkResolver.cpp, line 759]

VM Operations (20 events):
Event: 1420.031 Executing VM operation: G1CollectFull done
Event: 1430.139 Executing VM operation: G1CollectFull
Event: 1430.196 Executing VM operation: G1CollectFull done
Event: 1440.298 Executing VM operation: G1CollectFull
Event: 1440.346 Executing VM operation: G1CollectFull done
Event: 1450.437 Executing VM operation: G1CollectFull
Event: 1450.494 Executing VM operation: G1CollectFull done
Event: 1460.604 Executing VM operation: G1CollectFull
Event: 1460.663 Executing VM operation: G1CollectFull done
Event: 1470.762 Executing VM operation: G1CollectFull
Event: 1470.813 Executing VM operation: G1CollectFull done
Event: 1480.905 Executing VM operation: G1CollectFull
Event: 1480.957 Executing VM operation: G1CollectFull done
Event: 1491.068 Executing VM operation: G1CollectFull
Event: 1491.128 Executing VM operation: G1CollectFull done
Event: 1501.261 Executing VM operation: G1CollectFull
Event: 1501.320 Executing VM operation: G1CollectFull done
Event: 1511.434 Executing VM operation: G1CollectFull
Event: 1511.489 Executing VM operation: G1CollectFull done
Event: 1521.584 Executing VM operation: G1CollectFull

Events (20 events):
Event: 68.098 loading class java/lang/Process$PipeInputStream
Event: 68.098 loading class java/lang/Process$PipeInputStream done
Event: 68.099 loading class jdk/internal/event/ProcessStartEvent
Event: 68.099 loading class jdk/internal/event/ProcessStartEvent done
Event: 68.659 Thread 0x000001c43193ed80 Thread exited: 0x000001c43193ed80
Event: 71.235 Thread 0x000001c43193f250 Thread exited: 0x000001c43193f250
Event: 71.735 Thread 0x000001c431bcc680 Thread exited: 0x000001c431bcc680
Event: 71.735 Thread 0x000001c431bcbce0 Thread exited: 0x000001c431bcbce0
Event: 71.906 Thread 0x000001c431bc6b10 Thread exited: 0x000001c431bc6b10
Event: 72.251 Thread 0x000001c431521170 Thread exited: 0x000001c431521170
Event: 72.251 Thread 0x000001c431520ca0 Thread exited: 0x000001c431520ca0
Event: 84.135 Thread 0x000001c431bc8320 Thread exited: 0x000001c431bc8320
Event: 90.891 Thread 0x000001c431521fe0 Thread exited: 0x000001c431521fe0
Event: 150.891 Thread 0x000001c431bc8cc0 Thread exited: 0x000001c431bc8cc0
Event: 210.893 Thread 0x000001c431bccb50 Thread exited: 0x000001c431bccb50
Event: 241.526 Thread 0x000001c42f9a8120 flushing nmethod 0x000001c4279d5510
Event: 241.529 Thread 0x000001c42f9a8120 flushing nmethod 0x000001c427efe210
Event: 241.530 Thread 0x000001c42f9a8120 flushing nmethod 0x000001c42808c690
Event: 270.903 Thread 0x000001c431bca4d0 Thread exited: 0x000001c431bca4d0
Event: 330.916 Thread 0x000001c431bcb340 Thread exited: 0x000001c431bcb340


Dynamic libraries:
0x00007ff728f10000 - 0x00007ff728f20000 	C:\Program Files\Java\jdk-17\bin\java.exe
0x00007ff81d5b0000 - 0x00007ff81d7a8000 	C:\Windows\SYSTEM32\ntdll.dll
0x00007ff81c240000 - 0x00007ff81c2ff000 	C:\Windows\System32\KERNEL32.DLL
0x00007ff81aee0000 - 0x00007ff81b1d6000 	C:\Windows\System32\KERNELBASE.dll
0x00007ff81acc0000 - 0x00007ff81adc0000 	C:\Windows\System32\ucrtbase.dll
0x00007ffff7630000 - 0x00007ffff7649000 	C:\Program Files\Java\jdk-17\bin\jli.dll
0x00007ff81d430000 - 0x00007ff81d4df000 	C:\Windows\System32\ADVAPI32.dll
0x00007ff81d320000 - 0x00007ff81d3be000 	C:\Windows\System32\msvcrt.dll
0x00007ff81c4e0000 - 0x00007ff81c57c000 	C:\Windows\System32\sechost.dll
0x00007ff81c0d0000 - 0x00007ff81c1f6000 	C:\Windows\System32\RPCRT4.dll
0x00007ff81bae0000 - 0x00007ff81bc7d000 	C:\Windows\System32\USER32.dll
0x00007ff81b3f0000 - 0x00007ff81b412000 	C:\Windows\System32\win32u.dll
0x00007ff81c200000 - 0x00007ff81c22c000 	C:\Windows\System32\GDI32.dll
0x00007ff81adc0000 - 0x00007ff81aed5000 	C:\Windows\System32\gdi32full.dll
0x00007ff81b4b0000 - 0x00007ff81b54d000 	C:\Windows\System32\msvcp_win.dll
0x00007fffe0d80000 - 0x00007fffe0d9b000 	C:\Program Files\Java\jdk-17\bin\VCRUNTIME140.dll
0x00007ff80e660000 - 0x00007ff80e8fa000 	C:\Windows\WinSxS\amd64_microsoft.windows.common-controls_6595b64144ccf1df_6.0.19041.1110_none_60b5254171f9507e\COMCTL32.dll
0x00007ff815030000 - 0x00007ff81503a000 	C:\Windows\SYSTEM32\VERSION.dll
0x00007ff81c450000 - 0x00007ff81c480000 	C:\Windows\System32\IMM32.DLL
0x00007ffff5920000 - 0x00007ffff592c000 	C:\Program Files\Java\jdk-17\bin\vcruntime140_1.dll
0x00007fffc7830000 - 0x00007fffc78be000 	C:\Program Files\Java\jdk-17\bin\msvcp140.dll
0x00007fffb81e0000 - 0x00007fffb8dbd000 	C:\Program Files\Java\jdk-17\bin\server\jvm.dll
0x00007ff81cae0000 - 0x00007ff81cae8000 	C:\Windows\System32\PSAPI.DLL
0x00007fffefe10000 - 0x00007fffefe19000 	C:\Windows\SYSTEM32\WSOCK32.dll
0x00007ff81c6b0000 - 0x00007ff81c71b000 	C:\Windows\System32\WS2_32.dll
0x00007ff814380000 - 0x00007ff8143a7000 	C:\Windows\SYSTEM32\WINMM.dll
0x00007ff818b60000 - 0x00007ff818b72000 	C:\Windows\SYSTEM32\kernel.appcore.dll
0x00007fffee0c0000 - 0x00007fffee0ca000 	C:\Program Files\Java\jdk-17\bin\jimage.dll
0x00007ff80ef60000 - 0x00007ff80f144000 	C:\Windows\SYSTEM32\DBGHELP.DLL
0x00007ff80cda0000 - 0x00007ff80cdd4000 	C:\Windows\SYSTEM32\dbgcore.DLL
0x00007ff81b420000 - 0x00007ff81b4a2000 	C:\Windows\System32\bcryptPrimitives.dll
0x00007fffc7cb0000 - 0x00007fffc7cd5000 	C:\Program Files\Java\jdk-17\bin\java.dll
0x00007fffc7bd0000 - 0x00007fffc7ca7000 	C:\Program Files\Java\jdk-17\bin\jsvml.dll
0x00007ff81cbd0000 - 0x00007ff81d314000 	C:\Windows\System32\SHELL32.dll
0x00007ff818d60000 - 0x00007ff8194f4000 	C:\Windows\SYSTEM32\windows.storage.dll
0x00007ff81c780000 - 0x00007ff81cad4000 	C:\Windows\System32\combase.dll
0x00007ff81a6d0000 - 0x00007ff81a6fe000 	C:\Windows\SYSTEM32\Wldp.dll
0x00007ff81c020000 - 0x00007ff81c0cd000 	C:\Windows\System32\SHCORE.dll
0x00007ff81b610000 - 0x00007ff81b665000 	C:\Windows\System32\shlwapi.dll
0x00007ff81abc0000 - 0x00007ff81abe5000 	C:\Windows\SYSTEM32\profapi.dll
0x00007fffc7ee0000 - 0x00007fffc7ef9000 	C:\Program Files\Java\jdk-17\bin\net.dll
0x00007ff8143d0000 - 0x00007ff8144da000 	C:\Windows\SYSTEM32\WINHTTP.dll
0x00007ff81a430000 - 0x00007ff81a49a000 	C:\Windows\system32\mswsock.dll
0x00007fffc7bb0000 - 0x00007fffc7bc6000 	C:\Program Files\Java\jdk-17\bin\nio.dll
0x00007fffc7b90000 - 0x00007fffc7ba8000 	C:\Program Files\Java\jdk-17\bin\zip.dll
0x00007ff81a620000 - 0x00007ff81a638000 	C:\Windows\SYSTEM32\CRYPTSP.dll
0x00007ff819ce0000 - 0x00007ff819d14000 	C:\Windows\system32\rsaenh.dll
0x00007ff81ac90000 - 0x00007ff81acb7000 	C:\Windows\System32\bcrypt.dll
0x00007ff81ab80000 - 0x00007ff81abae000 	C:\Windows\SYSTEM32\USERENV.dll
0x00007ff81a640000 - 0x00007ff81a64c000 	C:\Windows\SYSTEM32\CRYPTBASE.dll
0x00007ff81a0d0000 - 0x00007ff81a10c000 	C:\Windows\SYSTEM32\IPHLPAPI.DLL
0x00007ff81c230000 - 0x00007ff81c238000 	C:\Windows\System32\NSI.dll
0x00007ff815290000 - 0x00007ff8152a7000 	C:\Windows\SYSTEM32\dhcpcsvc6.DLL
0x00007ff815210000 - 0x00007ff81522d000 	C:\Windows\SYSTEM32\dhcpcsvc.DLL
0x00007ff81a120000 - 0x00007ff81a1ea000 	C:\Windows\SYSTEM32\DNSAPI.dll
0x00007fffefd00000 - 0x00007fffefd0a000 	C:\Program Files\Java\jdk-17\bin\management.dll
0x00007fffefcf0000 - 0x00007fffefcfb000 	C:\Program Files\Java\jdk-17\bin\management_ext.dll
0x00007fffedd00000 - 0x00007fffedd0d000 	C:\Program Files\Java\jdk-17\bin\sunmscapi.dll
0x00007ff81b290000 - 0x00007ff81b3ee000 	C:\Windows\System32\CRYPT32.dll
0x00007ff81a740000 - 0x00007ff81a768000 	C:\Windows\SYSTEM32\ncrypt.dll
0x00007ff81a700000 - 0x00007ff81a73b000 	C:\Windows\SYSTEM32\NTASN1.dll
0x00007ff812b60000 - 0x00007ff812b6a000 	C:\Windows\System32\rasadhlp.dll
0x00007ff8129f0000 - 0x00007ff812a72000 	C:\Windows\System32\fwpuclnt.dll
0x00007ffff75e0000 - 0x00007ffff75f0000 	C:\Program Files\Java\jdk-17\bin\verify.dll
0x000000006c500000 - 0x000000006c5c7000 	C:\Users\82102\AppData\Local\Temp\snappy-1.1.8-9728b1a6-db2a-45f0-b424-847dde297c4a-snappyjava.dll

dbghelp: loaded successfully - version: 4.0.5 - missing functions: none
symbol engine: initialized successfully - sym options: 0x614 - pdb path: .;C:\Program Files\Java\jdk-17\bin;C:\Windows\SYSTEM32;C:\Windows\WinSxS\amd64_microsoft.windows.common-controls_6595b64144ccf1df_6.0.19041.1110_none_60b5254171f9507e;C:\Program Files\Java\jdk-17\bin\server;C:\Users\82102\AppData\Local\Temp

VM Arguments:
jvm_args: -XX:+HeapDumpOnOutOfMemoryError -Xmx1024m -Dsts.lsp.client=vscode -Dsts.log.file=/dev/null -XX:TieredStopAtLevel=1 -Xlog:jni+resolve=off -Dspring.config.location=file:c:\Users\82102\.vscode\extensions\vmware.vscode-spring-boot-1.47.0\language-server\BOOT-INF\classes\application.properties 
java_command: org.springframework.ide.vscode.boot.app.BootLanguageServerBootApp
java_class_path (initial): c:\Users\82102\.vscode\extensions\vmware.vscode-spring-boot-1.47.0\language-server\BOOT-INF\classes;c:\Users\82102\.vscode\extensions\vmware.vscode-spring-boot-1.47.0\language-server\BOOT-INF\lib\annotations-24.0.1.jar;c:\Users\82102\.vscode\extensions\vmware.vscode-spring-boot-1.47.0\language-server\BOOT-INF\lib\antlr-runtime-3.5.3.jar;c:\Users\82102\.vscode\extensions\vmware.vscode-spring-boot-1.47.0\language-server\BOOT-INF\lib\antlr4-4.11.1.jar;c:\Users\82102\.vscode\extensions\vmware.vscode-spring-boot-1.47.0\language-server\BOOT-INF\lib\antlr4-runtime-4.11.1.jar;c:\Users\82102\.vscode\extensions\vmware.vscode-spring-boot-1.47.0\language-server\BOOT-INF\lib\aopalliance-1.0.jar;c:\Users\82102\.vscode\extensions\vmware.vscode-spring-boot-1.47.0\language-server\BOOT-INF\lib\asm-9.5.jar;c:\Users\82102\.vscode\extensions\vmware.vscode-spring-boot-1.47.0\language-server\BOOT-INF\lib\asm-analysis-9.5.jar;c:\Users\82102\.vscode\extensions\vmware.vscode-spring-boot-1.47.0\language-server\BOOT-INF\lib\asm-tree-9.5.jar;c:\Users\82102\.vscode\extensions\vmware.vscode-spring-boot-1.47.0\language-server\BOOT-INF\lib\asm-util-9.5.jar;c:\Users\82102\.vscode\extensions\vmware.vscode-spring-boot-1.47.0\language-server\BOOT-INF\lib\auto-common-1.2.1.jar;c:\Users\82102\.vscode\extensions\vmware.vscode-spring-boot-1.47.0\language-server\BOOT-INF\lib\auto-value-annotations-1.9.jar;c:\Users\82102\.vscode\extensions\vmware.vscode-spring-boot-1.47.0\language-server\BOOT-INF\lib\caffeine-3.1.2.jar;c:\Users\82102\.vscode\extensions\vmware.vscode-spring-boot-1.47.0\language-server\BOOT-INF\lib\checker-qual-3.12.0.jar;c:\Users\82102\.vscode\extensions\vmware.vscode-spring-boot-1.47.0\language-server\BOOT-INF\lib\classgraph-4.8.149.jar;c:\Users\82102\.vscode\extensions\vmware.vscode-spring-boot-1.47.0\language-server\BOOT-INF\lib\commons-codec-1.15.jar;c:\Users\82102\.vscode\extensions\vmware.vscode-spring-boot-1.47.0\language-server\BOOT-INF\lib\commons-compres
Launcher Type: SUN_STANDARD

[Global flags]
     intx CICompilerCount                          = 4                                         {product} {ergonomic}
     uint ConcGCThreads                            = 2                                         {product} {ergonomic}
     uint G1ConcRefinementThreads                  = 8                                         {product} {ergonomic}
   size_t G1HeapRegionSize                         = 1048576                                   {product} {ergonomic}
    uintx GCDrainStackTargetSize                   = 64                                        {product} {ergonomic}
     bool HeapDumpOnOutOfMemoryError               = true                                   {manageable} {command line}
   size_t InitialHeapSize                          = 268435456                                 {product} {ergonomic}
   size_t MarkStackSize                            = 4194304                                   {product} {ergonomic}
   size_t MaxHeapSize                              = 1073741824                                {product} {command line}
   size_t MaxNewSize                               = 643825664                                 {product} {ergonomic}
   size_t MinHeapDeltaBytes                        = 1048576                                   {product} {ergonomic}
   size_t MinHeapSize                              = 8388608                                   {product} {ergonomic}
    uintx NonProfiledCodeHeapSize                  = 0                                      {pd product} {ergonomic}
     bool ProfileInterpreter                       = false                                  {pd product} {command line}
    uintx ProfiledCodeHeapSize                     = 0                                      {pd product} {ergonomic}
   size_t SoftMaxHeapSize                          = 1073741824                             {manageable} {ergonomic}
     intx TieredStopAtLevel                        = 1                                         {product} {command line}
     bool UseCompressedClassPointers               = true                           {product lp64_product} {ergonomic}
     bool UseCompressedOops                        = true                           {product lp64_product} {ergonomic}
     bool UseG1GC                                  = true                                      {product} {ergonomic}
     bool UseLargePagesIndividualAllocation        = false                                  {pd product} {ergonomic}

Logging:
Log output configuration:
 #0: stdout all=warning,jni+resolve=off uptime,level,tags
 #1: stderr all=off uptime,level,tags

Environment Variables:
JAVA_HOME=C:\Program Files\Java\jdk-17
CLASSPATH=C:\Program Files\Java\jdk-17;
PATH=C:\Program Files\Java\jdk-17\bin;C:\Program Files\Common Files\Oracle\Java\javapath;C:\Program Files (x86)\NAT Service;C:\Windows\system32;C:\Windows;C:\Windows\System32\Wbem;C:\Windows\System32\WindowsPowerShell\v1.0\;C:\Windows\System32\OpenSSH\;C:\Program Files (x86)\NVIDIA Corporation\PhysX\Common;C:\Program Files\NVIDIA Corporation\NVIDIA NvDLISR;C:\Program Files\Git\cmd;C:\Program Files\MySQL\MySQL Shell 8.0\bin\;C:\Users\82102\AppData\Local\Microsoft\WindowsApps;C:\Users\82102\AppData\Local\Programs\Microsoft VS Code\bin
USERNAME=82102
OS=Windows_NT
PROCESSOR_IDENTIFIER=Intel64 Family 6 Model 158 Stepping 9, GenuineIntel



---------------  S Y S T E M  ---------------

OS:
 Windows 10 , 64 bit Build 19041 (10.0.19041.3155)
OS uptime: 0 days 6:33 hours

CPU: total 8 (initial active 8) (4 cores per cpu, 2 threads per core) family 6 model 158 stepping 9 microcode 0xb4, cx8, cmov, fxsr, ht, mmx, 3dnowpref, sse, sse2, sse3, ssse3, sse4.1, sse4.2, popcnt, lzcnt, tsc, tscinvbit, avx, avx2, aes, erms, clmul, bmi1, bmi2, rtm, adx, fma, vzeroupper, clflush, clflushopt

Memory: 4k page, system-wide physical 16336M (9806M free)
TotalPageFile size 18768M (AvailPageFile size 7800M)
current process WorkingSet (physical memory assigned to process): 456M, peak: 1211M
current process commit charge ("private bytes"): 499M, peak: 1126M

vm_info: Java HotSpot(TM) 64-Bit Server VM (17.0.7+8-LTS-224) for windows-amd64 JRE (17.0.7+8-LTS-224), built on Feb 28 2023 23:03:02 by "mach5one" with MS VC++ 17.1 (VS2022)

END.
